<?xml version="1.0" encoding="UTF-8" ?>
<testsuite errors="0" failures="0" hostname="mm18-3.mm.atl2.redhat.com" name="org.hibernate.test.annotations.manytoone.ManyToOneTest" tests="10" time="142.265" timestamp="2010-11-16T01:28:51">
  <properties>
[...]
</properties>
  <testcase classname="org.hibernate.test.annotations.manytoone.ManyToOneTest" name="testEager" time="21.477"></testcase>
  <testcase classname="org.hibernate.test.annotations.manytoone.ManyToOneTest" name="testDefaultMetadata" time="23.204"></testcase>
  <testcase classname="org.hibernate.test.annotations.manytoone.ManyToOneTest" name="testCreate" time="23.077"></testcase>
  <testcase classname="org.hibernate.test.annotations.manytoone.ManyToOneTest" name="testCascade" time="13.955"></testcase>
  <testcase classname="org.hibernate.test.annotations.manytoone.ManyToOneTest" name="testFetch" time="23.013"></testcase>
  <testcase classname="org.hibernate.test.annotations.manytoone.ManyToOneTest" name="testCompositeFK" time="14.057"></testcase>
  <testcase classname="org.hibernate.test.annotations.manytoone.ManyToOneTest" name="testImplicitCompositeFk" time="4.591"></testcase>
  <testcase classname="org.hibernate.test.annotations.manytoone.ManyToOneTest" name="testManyToOneNonPk" time="4.308"></testcase>
  <testcase classname="org.hibernate.test.annotations.manytoone.ManyToOneTest" name="testTwoManyToOneNonPk" time="9.58"></testcase>
  <testcase classname="org.hibernate.test.annotations.manytoone.ManyToOneTest" name="testFormulaOnOtherSide" time="4.998"></testcase>
  <system-out><![CDATA[org.hibernate.dialect.Oracle10gDialect
org.hibernate.dialect.Oracle10gDialect

    drop table CLRUS2DI cascade constraints

    drop table CTVUSERS cascade constraints

    drop table Car cascade constraints

    drop table Color cascade constraints

    drop table Corporation cascade constraints

    drop table Customer cascade constraints

    drop table Deal cascade constraints

    drop table DealedCustomer cascade constraints

    drop table Discount cascade constraints

    drop table Flight cascade constraints

    drop table Frame cascade constraints

    drop table Lens cascade constraints

    drop table Node cascade constraints

    drop table ORDERS cascade constraints

    drop table OrderLine cascade constraints

    drop table Passport cascade constraints

    drop table Ticket cascade constraints

    drop table tbl_child cascade constraints

    drop table tbl_parent cascade constraints

    drop sequence hibernate_sequence

    create table CLRUS2DI (
        CLRUS2DI_KEY number(19,0) not null,
        CLRUS2DI_CREATE_USERS_KEY number(19,0),
        CLRUS2DI_CREATE_DATE timestamp,
        CLRUS2DI_LDTMD_KEY number(19,0),
        CLRUS2DI_PMTMP_KEY number(19,0),
        CLRUS2DI_END_DATE timestamp,
        CLRUS2DI_BEGIN_DATE timestamp,
        CLRUS2DI_USERS_KEY number(19,0),
        primary key (CLRUS2DI_KEY)
    )

    create table CTVUSERS (
        CTVUSERS_END_DATE timestamp not null,
        CTVUSERS_START_DATE timestamp not null,
        CTVUSERS_KEY number(19,0) not null,
        CTVUSERS_BIRTH_CNTRY_KEY number(10,0),
        CTVUSERS_BIRTH_DATE timestamp,
        CTVUSERS_BIRTH_PLACE varchar2(255 char),
        CTVUSERS_BIRTH_STATE_KEY number(10,0),
        CTVUSERS_CLSTR_KEY number(19,0),
        CTVUSERS_CNTRY_KEY number(10,0),
        CTVUSERS_CREATE_USERS_KEY number(19,0),
        CTVUSERS_CREATE_DATE timestamp,
        CTVUSERS_FIRST_NAME varchar2(255 char),
        CTVUSERS_LAST_NAME1 varchar2(255 char),
        CTVUSERS_LAST_NAME2 varchar2(255 char),
        CTVUSERS_LDTMD_KEY number(19,0),
        CTVUSERS_LDTMM_KEY number(19,0),
        CTVUSERS_MIDDLE_NAME1 varchar2(255 char),
        CTVUSERS_MIDDLE_NAME2 varchar2(255 char),
        CTVUSERS_PASSWORD varchar2(255 char),
        CTVUSERS_PMTMP_KEY number(19,0),
        CTVUSERS_PREFERRED_NAME varchar2(255 char),
        CTVUSERS_PREFX_KEY number(10,0),
        CTVUSERS_PRIVL_KEY number(10,0),
        CTVUSERS_SCHOL_KEY number(19,0),
        CTVUSERS_STATE_KEY number(10,0),
        CTVUSERS_SUFFX_KEY number(10,0),
        CTVUSERS_ID varchar2(255 char),
        CTVUSERS_LOTYP_KEY number(10,0),
        CTVUSERS_USERNAME varchar2(255 char),
        primary key (CTVUSERS_END_DATE, CTVUSERS_START_DATE, CTVUSERS_KEY)
    )

    create table Car (
        id number(10,0) not null,
        bodyColor_id number(10,0),
        owner_firstName varchar2(50 char),
        owner_isMale number(1,0),
        owner_lastName varchar2(255 char),
        primary key (id)
    )

    create table Color (
        id number(10,0) not null,
        name varchar2(255 char) unique,
        primary key (id)
    )

    create table Corporation (
        id number(10,0) not null,
        name varchar2(255 char),
        primary key (id)
    )

    create table Customer (
        id number(19,0) not null,
        name varchar2(255 char),
        passport_id number(19,0),
        primary key (id)
    )

    create table Deal (
        id number(10,0) not null,
        from_userId varchar2(255 char),
        to_userId varchar2(255 char),
        primary key (id)
    )

    create table DealedCustomer (
        id number(10,0) not null,
        userId varchar2(255 char),
        primary key (id),
        unique (userId)
    )

    create table Discount (
        id number(19,0) not null,
        discount double precision,
        CUSTOMER_ID number(19,0),
        primary key (id)
    )

    create table Flight (
        id number(19,0) not null,
        alternativeDepartureDate timestamp,
        buyDate timestamp,
        departureDate date,
        duration number(19,0) not null,
        flight_name varchar2(50 char) not null,
        triggeredData varchar2(255 char),
        OPTLOCK number(10,0),
        COMP_ID number(10,0),
        primary key (id)
    )

    create table Frame (
        id number(19,0) not null,
        name varchar2(255 char),
        primary key (id),
        unique (name)
    )

    create table Lens (
        id number(19,0) not null,
        focal float not null,
        "frame_fk" varchar2(255 char),
        primary key (id)
    )

    create table Node (
        fld_lvl number(10,0) not null,
        name varchar2(255 char) not null,
        description varchar2(255 char),
        parentName number(10,0),
        parentLevel varchar2(255 char),
        primary key (fld_lvl, name)
    )

    create table ORDERS (
        id number(10,0) not null,
        order_nbr varchar2(255 char),
        primary key (id),
        unique (order_nbr)
    )

    create table OrderLine (
        id number(10,0) not null,
        item varchar2(255 char),
        order_nbr varchar2(255 char) unique,
        primary key (id)
    )

    create table Passport (
        id number(19,0) not null,
        passport_number varchar2(255 char),
        primary key (id)
    )

    create table Ticket (
        id number(19,0) not null,
        ticket_number varchar2(255 char),
        CUST_ID number(19,0),
        primary key (id)
    )

    create table tbl_child (
        id number(10,0) not null,
        parentFirstName varchar2(50 char),
        parentCivility number(1,0),
        parentLastName varchar2(255 char),
        primary key (id)
    )

    create table tbl_parent (
        firstName varchar2(50 char) not null,
        isMale number(1,0) not null,
        lastName varchar2(255 char) not null,
        age number(10,0) not null,
        primary key (firstName, isMale, lastName)
    )

    alter table CLRUS2DI 
        add constraint FK750A057017B4863A 
        foreign key (CLRUS2DI_END_DATE, CLRUS2DI_BEGIN_DATE, CLRUS2DI_USERS_KEY) 
        references CTVUSERS

    alter table Car 
        add constraint FK107B4AFFAACB 
        foreign key (owner_firstName, owner_isMale, owner_lastName) 
        references tbl_parent

    alter table Car 
        add constraint BODY_COLOR_FK 
        foreign key (bodyColor_id) 
        references Color

    alter table Customer 
        add constraint FK27FBE3FE1E3E1F5A 
        foreign key (passport_id) 
        references Passport

    alter table Deal 
        add constraint FK20708C733C37CA 
        foreign key (to_userId) 
        references DealedCustomer (userId)

    alter table Deal 
        add constraint FK20708CD9F74BBB 
        foreign key (from_userId) 
        references DealedCustomer (userId)

    alter table Discount 
        add constraint FK1422D961AED1FBDA 
        foreign key (CUSTOMER_ID) 
        references Customer

    alter table Flight 
        add constraint FK7D96709059315E8 
        foreign key (COMP_ID) 
        references Corporation

    alter table Lens 
        add constraint FK24151E5C29602 
        foreign key ("frame_fk") 
        references Frame (name)

    alter table Node 
        add constraint FK2522228BC11D3 
        foreign key (parentName, parentLevel) 
        references Node

    alter table OrderLine 
        add constraint FK6017744250FBC7D9 
        foreign key (order_nbr) 
        references ORDERS (order_nbr)

    alter table Ticket 
        add constraint FK954D572C5BAC2545 
        foreign key (CUST_ID) 
        references Customer

    alter table tbl_child 
        add constraint FKEC16D15BD64379CD 
        foreign key (parentFirstName, parentCivility, parentLastName) 
        references tbl_parent

    create sequence hibernate_sequence
org.hibernate.dialect.Oracle10gDialect

    drop table CLRUS2DI cascade constraints

    drop table CTVUSERS cascade constraints

    drop table Car cascade constraints

    drop table Color cascade constraints

    drop table Corporation cascade constraints

    drop table Customer cascade constraints

    drop table Deal cascade constraints

    drop table DealedCustomer cascade constraints

    drop table Discount cascade constraints

    drop table Flight cascade constraints

    drop table Frame cascade constraints

    drop table Lens cascade constraints

    drop table Node cascade constraints

    drop table ORDERS cascade constraints

    drop table OrderLine cascade constraints

    drop table Passport cascade constraints

    drop table Ticket cascade constraints

    drop table tbl_child cascade constraints

    drop table tbl_parent cascade constraints

    drop sequence hibernate_sequence

    create table CLRUS2DI (
        CLRUS2DI_KEY number(19,0) not null,
        CLRUS2DI_CREATE_USERS_KEY number(19,0),
        CLRUS2DI_CREATE_DATE timestamp,
        CLRUS2DI_LDTMD_KEY number(19,0),
        CLRUS2DI_PMTMP_KEY number(19,0),
        CLRUS2DI_END_DATE timestamp,
        CLRUS2DI_BEGIN_DATE timestamp,
        CLRUS2DI_USERS_KEY number(19,0),
        primary key (CLRUS2DI_KEY)
    )

    create table CTVUSERS (
        CTVUSERS_END_DATE timestamp not null,
        CTVUSERS_START_DATE timestamp not null,
        CTVUSERS_KEY number(19,0) not null,
        CTVUSERS_BIRTH_CNTRY_KEY number(10,0),
        CTVUSERS_BIRTH_DATE timestamp,
        CTVUSERS_BIRTH_PLACE varchar2(255 char),
        CTVUSERS_BIRTH_STATE_KEY number(10,0),
        CTVUSERS_CLSTR_KEY number(19,0),
        CTVUSERS_CNTRY_KEY number(10,0),
        CTVUSERS_CREATE_USERS_KEY number(19,0),
        CTVUSERS_CREATE_DATE timestamp,
        CTVUSERS_FIRST_NAME varchar2(255 char),
        CTVUSERS_LAST_NAME1 varchar2(255 char),
        CTVUSERS_LAST_NAME2 varchar2(255 char),
        CTVUSERS_LDTMD_KEY number(19,0),
        CTVUSERS_LDTMM_KEY number(19,0),
        CTVUSERS_MIDDLE_NAME1 varchar2(255 char),
        CTVUSERS_MIDDLE_NAME2 varchar2(255 char),
        CTVUSERS_PASSWORD varchar2(255 char),
        CTVUSERS_PMTMP_KEY number(19,0),
        CTVUSERS_PREFERRED_NAME varchar2(255 char),
        CTVUSERS_PREFX_KEY number(10,0),
        CTVUSERS_PRIVL_KEY number(10,0),
        CTVUSERS_SCHOL_KEY number(19,0),
        CTVUSERS_STATE_KEY number(10,0),
        CTVUSERS_SUFFX_KEY number(10,0),
        CTVUSERS_ID varchar2(255 char),
        CTVUSERS_LOTYP_KEY number(10,0),
        CTVUSERS_USERNAME varchar2(255 char),
        primary key (CTVUSERS_END_DATE, CTVUSERS_START_DATE, CTVUSERS_KEY)
    )

    create table Car (
        id number(10,0) not null,
        bodyColor_id number(10,0),
        owner_firstName varchar2(50 char),
        owner_isMale number(1,0),
        owner_lastName varchar2(255 char),
        primary key (id)
    )

    create table Color (
        id number(10,0) not null,
        name varchar2(255 char) unique,
        primary key (id)
    )

    create table Corporation (
        id number(10,0) not null,
        name varchar2(255 char),
        primary key (id)
    )

    create table Customer (
        id number(19,0) not null,
        name varchar2(255 char),
        passport_id number(19,0),
        primary key (id)
    )

    create table Deal (
        id number(10,0) not null,
        from_userId varchar2(255 char),
        to_userId varchar2(255 char),
        primary key (id)
    )

    create table DealedCustomer (
        id number(10,0) not null,
        userId varchar2(255 char),
        primary key (id),
        unique (userId)
    )

    create table Discount (
        id number(19,0) not null,
        discount double precision,
        CUSTOMER_ID number(19,0),
        primary key (id)
    )

    create table Flight (
        id number(19,0) not null,
        alternativeDepartureDate timestamp,
        buyDate timestamp,
        departureDate date,
        duration number(19,0) not null,
        flight_name varchar2(50 char) not null,
        triggeredData varchar2(255 char),
        OPTLOCK number(10,0),
        COMP_ID number(10,0),
        primary key (id)
    )

    create table Frame (
        id number(19,0) not null,
        name varchar2(255 char),
        primary key (id),
        unique (name)
    )

    create table Lens (
        id number(19,0) not null,
        focal float not null,
        "frame_fk" varchar2(255 char),
        primary key (id)
    )

    create table Node (
        fld_lvl number(10,0) not null,
        name varchar2(255 char) not null,
        description varchar2(255 char),
        parentName number(10,0),
        parentLevel varchar2(255 char),
        primary key (fld_lvl, name)
    )

    create table ORDERS (
        id number(10,0) not null,
        order_nbr varchar2(255 char),
        primary key (id),
        unique (order_nbr)
    )

    create table OrderLine (
        id number(10,0) not null,
        item varchar2(255 char),
        order_nbr varchar2(255 char) unique,
        primary key (id)
    )

    create table Passport (
        id number(19,0) not null,
        passport_number varchar2(255 char),
        primary key (id)
    )

    create table Ticket (
        id number(19,0) not null,
        ticket_number varchar2(255 char),
        CUST_ID number(19,0),
        primary key (id)
    )

    create table tbl_child (
        id number(10,0) not null,
        parentFirstName varchar2(50 char),
        parentCivility number(1,0),
        parentLastName varchar2(255 char),
        primary key (id)
    )

    create table tbl_parent (
        firstName varchar2(50 char) not null,
        isMale number(1,0) not null,
        lastName varchar2(255 char) not null,
        age number(10,0) not null,
        primary key (firstName, isMale, lastName)
    )

    alter table CLRUS2DI 
        add constraint FK750A057017B4863A 
        foreign key (CLRUS2DI_END_DATE, CLRUS2DI_BEGIN_DATE, CLRUS2DI_USERS_KEY) 
        references CTVUSERS

    alter table Car 
        add constraint FK107B4AFFAACB 
        foreign key (owner_firstName, owner_isMale, owner_lastName) 
        references tbl_parent

    alter table Car 
        add constraint BODY_COLOR_FK 
        foreign key (bodyColor_id) 
        references Color

    alter table Customer 
        add constraint FK27FBE3FE1E3E1F5A 
        foreign key (passport_id) 
        references Passport

    alter table Deal 
        add constraint FK20708C733C37CA 
        foreign key (to_userId) 
        references DealedCustomer (userId)

    alter table Deal 
        add constraint FK20708CD9F74BBB 
        foreign key (from_userId) 
        references DealedCustomer (userId)

    alter table Discount 
        add constraint FK1422D961AED1FBDA 
        foreign key (CUSTOMER_ID) 
        references Customer

    alter table Flight 
        add constraint FK7D96709059315E8 
        foreign key (COMP_ID) 
        references Corporation

    alter table Lens 
        add constraint FK24151E5C29602 
        foreign key ("frame_fk") 
        references Frame (name)

    alter table Node 
        add constraint FK2522228BC11D3 
        foreign key (parentName, parentLevel) 
        references Node

    alter table OrderLine 
        add constraint FK6017744250FBC7D9 
        foreign key (order_nbr) 
        references ORDERS (order_nbr)

    alter table Ticket 
        add constraint FK954D572C5BAC2545 
        foreign key (CUST_ID) 
        references Customer

    alter table tbl_child 
        add constraint FKEC16D15BD64379CD 
        foreign key (parentFirstName, parentCivility, parentLastName) 
        references tbl_parent

    create sequence hibernate_sequence
org.hibernate.dialect.Oracle10gDialect

    drop table CLRUS2DI cascade constraints

    drop table CTVUSERS cascade constraints

    drop table Car cascade constraints

    drop table Color cascade constraints

    drop table Corporation cascade constraints

    drop table Customer cascade constraints

    drop table Deal cascade constraints

    drop table DealedCustomer cascade constraints

    drop table Discount cascade constraints

    drop table Flight cascade constraints

    drop table Frame cascade constraints

    drop table Lens cascade constraints

    drop table Node cascade constraints

    drop table ORDERS cascade constraints

    drop table OrderLine cascade constraints

    drop table Passport cascade constraints

    drop table Ticket cascade constraints

    drop table tbl_child cascade constraints

    drop table tbl_parent cascade constraints

    drop sequence hibernate_sequence

    create table CLRUS2DI (
        CLRUS2DI_KEY number(19,0) not null,
        CLRUS2DI_CREATE_USERS_KEY number(19,0),
        CLRUS2DI_CREATE_DATE timestamp,
        CLRUS2DI_LDTMD_KEY number(19,0),
        CLRUS2DI_PMTMP_KEY number(19,0),
        CLRUS2DI_END_DATE timestamp,
        CLRUS2DI_BEGIN_DATE timestamp,
        CLRUS2DI_USERS_KEY number(19,0),
        primary key (CLRUS2DI_KEY)
    )

    create table CTVUSERS (
        CTVUSERS_END_DATE timestamp not null,
        CTVUSERS_START_DATE timestamp not null,
        CTVUSERS_KEY number(19,0) not null,
        CTVUSERS_BIRTH_CNTRY_KEY number(10,0),
        CTVUSERS_BIRTH_DATE timestamp,
        CTVUSERS_BIRTH_PLACE varchar2(255 char),
        CTVUSERS_BIRTH_STATE_KEY number(10,0),
        CTVUSERS_CLSTR_KEY number(19,0),
        CTVUSERS_CNTRY_KEY number(10,0),
        CTVUSERS_CREATE_USERS_KEY number(19,0),
        CTVUSERS_CREATE_DATE timestamp,
        CTVUSERS_FIRST_NAME varchar2(255 char),
        CTVUSERS_LAST_NAME1 varchar2(255 char),
        CTVUSERS_LAST_NAME2 varchar2(255 char),
        CTVUSERS_LDTMD_KEY number(19,0),
        CTVUSERS_LDTMM_KEY number(19,0),
        CTVUSERS_MIDDLE_NAME1 varchar2(255 char),
        CTVUSERS_MIDDLE_NAME2 varchar2(255 char),
        CTVUSERS_PASSWORD varchar2(255 char),
        CTVUSERS_PMTMP_KEY number(19,0),
        CTVUSERS_PREFERRED_NAME varchar2(255 char),
        CTVUSERS_PREFX_KEY number(10,0),
        CTVUSERS_PRIVL_KEY number(10,0),
        CTVUSERS_SCHOL_KEY number(19,0),
        CTVUSERS_STATE_KEY number(10,0),
        CTVUSERS_SUFFX_KEY number(10,0),
        CTVUSERS_ID varchar2(255 char),
        CTVUSERS_LOTYP_KEY number(10,0),
        CTVUSERS_USERNAME varchar2(255 char),
        primary key (CTVUSERS_END_DATE, CTVUSERS_START_DATE, CTVUSERS_KEY)
    )

    create table Car (
        id number(10,0) not null,
        bodyColor_id number(10,0),
        owner_firstName varchar2(50 char),
        owner_isMale number(1,0),
        owner_lastName varchar2(255 char),
        primary key (id)
    )

    create table Color (
        id number(10,0) not null,
        name varchar2(255 char) unique,
        primary key (id)
    )

    create table Corporation (
        id number(10,0) not null,
        name varchar2(255 char),
        primary key (id)
    )

    create table Customer (
        id number(19,0) not null,
        name varchar2(255 char),
        passport_id number(19,0),
        primary key (id)
    )

    create table Deal (
        id number(10,0) not null,
        from_userId varchar2(255 char),
        to_userId varchar2(255 char),
        primary key (id)
    )

    create table DealedCustomer (
        id number(10,0) not null,
        userId varchar2(255 char),
        primary key (id),
        unique (userId)
    )

    create table Discount (
        id number(19,0) not null,
        discount double precision,
        CUSTOMER_ID number(19,0),
        primary key (id)
    )

    create table Flight (
        id number(19,0) not null,
        alternativeDepartureDate timestamp,
        buyDate timestamp,
        departureDate date,
        duration number(19,0) not null,
        flight_name varchar2(50 char) not null,
        triggeredData varchar2(255 char),
        OPTLOCK number(10,0),
        COMP_ID number(10,0),
        primary key (id)
    )

    create table Frame (
        id number(19,0) not null,
        name varchar2(255 char),
        primary key (id),
        unique (name)
    )

    create table Lens (
        id number(19,0) not null,
        focal float not null,
        "frame_fk" varchar2(255 char),
        primary key (id)
    )

    create table Node (
        fld_lvl number(10,0) not null,
        name varchar2(255 char) not null,
        description varchar2(255 char),
        parentName number(10,0),
        parentLevel varchar2(255 char),
        primary key (fld_lvl, name)
    )

    create table ORDERS (
        id number(10,0) not null,
        order_nbr varchar2(255 char),
        primary key (id),
        unique (order_nbr)
    )

    create table OrderLine (
        id number(10,0) not null,
        item varchar2(255 char),
        order_nbr varchar2(255 char) unique,
        primary key (id)
    )

    create table Passport (
        id number(19,0) not null,
        passport_number varchar2(255 char),
        primary key (id)
    )

    create table Ticket (
        id number(19,0) not null,
        ticket_number varchar2(255 char),
        CUST_ID number(19,0),
        primary key (id)
    )

    create table tbl_child (
        id number(10,0) not null,
        parentFirstName varchar2(50 char),
        parentCivility number(1,0),
        parentLastName varchar2(255 char),
        primary key (id)
    )

    create table tbl_parent (
        firstName varchar2(50 char) not null,
        isMale number(1,0) not null,
        lastName varchar2(255 char) not null,
        age number(10,0) not null,
        primary key (firstName, isMale, lastName)
    )

    alter table CLRUS2DI 
        add constraint FK750A057017B4863A 
        foreign key (CLRUS2DI_END_DATE, CLRUS2DI_BEGIN_DATE, CLRUS2DI_USERS_KEY) 
        references CTVUSERS

    alter table Car 
        add constraint FK107B4AFFAACB 
        foreign key (owner_firstName, owner_isMale, owner_lastName) 
        references tbl_parent

    alter table Car 
        add constraint BODY_COLOR_FK 
        foreign key (bodyColor_id) 
        references Color

    alter table Customer 
        add constraint FK27FBE3FE1E3E1F5A 
        foreign key (passport_id) 
        references Passport

    alter table Deal 
        add constraint FK20708C733C37CA 
        foreign key (to_userId) 
        references DealedCustomer (userId)

    alter table Deal 
        add constraint FK20708CD9F74BBB 
        foreign key (from_userId) 
        references DealedCustomer (userId)

    alter table Discount 
        add constraint FK1422D961AED1FBDA 
        foreign key (CUSTOMER_ID) 
        references Customer

    alter table Flight 
        add constraint FK7D96709059315E8 
        foreign key (COMP_ID) 
        references Corporation

    alter table Lens 
        add constraint FK24151E5C29602 
        foreign key ("frame_fk") 
        references Frame (name)

    alter table Node 
        add constraint FK2522228BC11D3 
        foreign key (parentName, parentLevel) 
        references Node

    alter table OrderLine 
        add constraint FK6017744250FBC7D9 
        foreign key (order_nbr) 
        references ORDERS (order_nbr)

    alter table Ticket 
        add constraint FK954D572C5BAC2545 
        foreign key (CUST_ID) 
        references Customer

    alter table tbl_child 
        add constraint FKEC16D15BD64379CD 
        foreign key (parentFirstName, parentCivility, parentLastName) 
        references tbl_parent

    create sequence hibernate_sequence
org.hibernate.dialect.Oracle10gDialect

    drop table CLRUS2DI cascade constraints

    drop table CTVUSERS cascade constraints

    drop table Car cascade constraints

    drop table Color cascade constraints

    drop table Corporation cascade constraints

    drop table Customer cascade constraints

    drop table Deal cascade constraints

    drop table DealedCustomer cascade constraints

    drop table Discount cascade constraints

    drop table Flight cascade constraints

    drop table Frame cascade constraints

    drop table Lens cascade constraints

    drop table Node cascade constraints

    drop table ORDERS cascade constraints

    drop table OrderLine cascade constraints

    drop table Passport cascade constraints

    drop table Ticket cascade constraints

    drop table tbl_child cascade constraints

    drop table tbl_parent cascade constraints

    drop sequence hibernate_sequence

    create table CLRUS2DI (
        CLRUS2DI_KEY number(19,0) not null,
        CLRUS2DI_CREATE_USERS_KEY number(19,0),
        CLRUS2DI_CREATE_DATE timestamp,
        CLRUS2DI_LDTMD_KEY number(19,0),
        CLRUS2DI_PMTMP_KEY number(19,0),
        CLRUS2DI_END_DATE timestamp,
        CLRUS2DI_BEGIN_DATE timestamp,
        CLRUS2DI_USERS_KEY number(19,0),
        primary key (CLRUS2DI_KEY)
    )

    create table CTVUSERS (
        CTVUSERS_END_DATE timestamp not null,
        CTVUSERS_START_DATE timestamp not null,
        CTVUSERS_KEY number(19,0) not null,
        CTVUSERS_BIRTH_CNTRY_KEY number(10,0),
        CTVUSERS_BIRTH_DATE timestamp,
        CTVUSERS_BIRTH_PLACE varchar2(255 char),
        CTVUSERS_BIRTH_STATE_KEY number(10,0),
        CTVUSERS_CLSTR_KEY number(19,0),
        CTVUSERS_CNTRY_KEY number(10,0),
        CTVUSERS_CREATE_USERS_KEY number(19,0),
        CTVUSERS_CREATE_DATE timestamp,
        CTVUSERS_FIRST_NAME varchar2(255 char),
        CTVUSERS_LAST_NAME1 varchar2(255 char),
        CTVUSERS_LAST_NAME2 varchar2(255 char),
        CTVUSERS_LDTMD_KEY number(19,0),
        CTVUSERS_LDTMM_KEY number(19,0),
        CTVUSERS_MIDDLE_NAME1 varchar2(255 char),
        CTVUSERS_MIDDLE_NAME2 varchar2(255 char),
        CTVUSERS_PASSWORD varchar2(255 char),
        CTVUSERS_PMTMP_KEY number(19,0),
        CTVUSERS_PREFERRED_NAME varchar2(255 char),
        CTVUSERS_PREFX_KEY number(10,0),
        CTVUSERS_PRIVL_KEY number(10,0),
        CTVUSERS_SCHOL_KEY number(19,0),
        CTVUSERS_STATE_KEY number(10,0),
        CTVUSERS_SUFFX_KEY number(10,0),
        CTVUSERS_ID varchar2(255 char),
        CTVUSERS_LOTYP_KEY number(10,0),
        CTVUSERS_USERNAME varchar2(255 char),
        primary key (CTVUSERS_END_DATE, CTVUSERS_START_DATE, CTVUSERS_KEY)
    )

    create table Car (
        id number(10,0) not null,
        bodyColor_id number(10,0),
        owner_firstName varchar2(50 char),
        owner_isMale number(1,0),
        owner_lastName varchar2(255 char),
        primary key (id)
    )

    create table Color (
        id number(10,0) not null,
        name varchar2(255 char) unique,
        primary key (id)
    )

    create table Corporation (
        id number(10,0) not null,
        name varchar2(255 char),
        primary key (id)
    )

    create table Customer (
        id number(19,0) not null,
        name varchar2(255 char),
        passport_id number(19,0),
        primary key (id)
    )

    create table Deal (
        id number(10,0) not null,
        from_userId varchar2(255 char),
        to_userId varchar2(255 char),
        primary key (id)
    )

    create table DealedCustomer (
        id number(10,0) not null,
        userId varchar2(255 char),
        primary key (id),
        unique (userId)
    )

    create table Discount (
        id number(19,0) not null,
        discount double precision,
        CUSTOMER_ID number(19,0),
        primary key (id)
    )

    create table Flight (
        id number(19,0) not null,
        alternativeDepartureDate timestamp,
        buyDate timestamp,
        departureDate date,
        duration number(19,0) not null,
        flight_name varchar2(50 char) not null,
        triggeredData varchar2(255 char),
        OPTLOCK number(10,0),
        COMP_ID number(10,0),
        primary key (id)
    )

    create table Frame (
        id number(19,0) not null,
        name varchar2(255 char),
        primary key (id),
        unique (name)
    )

    create table Lens (
        id number(19,0) not null,
        focal float not null,
        "frame_fk" varchar2(255 char),
        primary key (id)
    )

    create table Node (
        fld_lvl number(10,0) not null,
        name varchar2(255 char) not null,
        description varchar2(255 char),
        parentName number(10,0),
        parentLevel varchar2(255 char),
        primary key (fld_lvl, name)
    )

    create table ORDERS (
        id number(10,0) not null,
        order_nbr varchar2(255 char),
        primary key (id),
        unique (order_nbr)
    )

    create table OrderLine (
        id number(10,0) not null,
        item varchar2(255 char),
        order_nbr varchar2(255 char) unique,
        primary key (id)
    )

    create table Passport (
        id number(19,0) not null,
        passport_number varchar2(255 char),
        primary key (id)
    )

    create table Ticket (
        id number(19,0) not null,
        ticket_number varchar2(255 char),
        CUST_ID number(19,0),
        primary key (id)
    )

    create table tbl_child (
        id number(10,0) not null,
        parentFirstName varchar2(50 char),
        parentCivility number(1,0),
        parentLastName varchar2(255 char),
        primary key (id)
    )

    create table tbl_parent (
        firstName varchar2(50 char) not null,
        isMale number(1,0) not null,
        lastName varchar2(255 char) not null,
        age number(10,0) not null,
        primary key (firstName, isMale, lastName)
    )

    alter table CLRUS2DI 
        add constraint FK750A057017B4863A 
        foreign key (CLRUS2DI_END_DATE, CLRUS2DI_BEGIN_DATE, CLRUS2DI_USERS_KEY) 
        references CTVUSERS

    alter table Car 
        add constraint FK107B4AFFAACB 
        foreign key (owner_firstName, owner_isMale, owner_lastName) 
        references tbl_parent

    alter table Car 
        add constraint BODY_COLOR_FK 
        foreign key (bodyColor_id) 
        references Color

    alter table Customer 
        add constraint FK27FBE3FE1E3E1F5A 
        foreign key (passport_id) 
        references Passport

    alter table Deal 
        add constraint FK20708C733C37CA 
        foreign key (to_userId) 
        references DealedCustomer (userId)

    alter table Deal 
        add constraint FK20708CD9F74BBB 
        foreign key (from_userId) 
        references DealedCustomer (userId)

    alter table Discount 
        add constraint FK1422D961AED1FBDA 
        foreign key (CUSTOMER_ID) 
        references Customer

    alter table Flight 
        add constraint FK7D96709059315E8 
        foreign key (COMP_ID) 
        references Corporation

    alter table Lens 
        add constraint FK24151E5C29602 
        foreign key ("frame_fk") 
        references Frame (name)

    alter table Node 
        add constraint FK2522228BC11D3 
        foreign key (parentName, parentLevel) 
        references Node

    alter table OrderLine 
        add constraint FK6017744250FBC7D9 
        foreign key (order_nbr) 
        references ORDERS (order_nbr)

    alter table Ticket 
        add constraint FK954D572C5BAC2545 
        foreign key (CUST_ID) 
        references Customer

    alter table tbl_child 
        add constraint FKEC16D15BD64379CD 
        foreign key (parentFirstName, parentCivility, parentLastName) 
        references tbl_parent

    create sequence hibernate_sequence
org.hibernate.dialect.Oracle10gDialect

    drop table CLRUS2DI cascade constraints

    drop table CTVUSERS cascade constraints

    drop table Car cascade constraints

    drop table Color cascade constraints

    drop table Corporation cascade constraints

    drop table Customer cascade constraints

    drop table Deal cascade constraints

    drop table DealedCustomer cascade constraints

    drop table Discount cascade constraints

    drop table Flight cascade constraints

    drop table Frame cascade constraints

    drop table Lens cascade constraints

    drop table Node cascade constraints

    drop table ORDERS cascade constraints

    drop table OrderLine cascade constraints

    drop table Passport cascade constraints

    drop table Ticket cascade constraints

    drop table tbl_child cascade constraints

    drop table tbl_parent cascade constraints

    drop sequence hibernate_sequence

    create table CLRUS2DI (
        CLRUS2DI_KEY number(19,0) not null,
        CLRUS2DI_CREATE_USERS_KEY number(19,0),
        CLRUS2DI_CREATE_DATE timestamp,
        CLRUS2DI_LDTMD_KEY number(19,0),
        CLRUS2DI_PMTMP_KEY number(19,0),
        CLRUS2DI_END_DATE timestamp,
        CLRUS2DI_BEGIN_DATE timestamp,
        CLRUS2DI_USERS_KEY number(19,0),
        primary key (CLRUS2DI_KEY)
    )

    create table CTVUSERS (
        CTVUSERS_END_DATE timestamp not null,
        CTVUSERS_START_DATE timestamp not null,
        CTVUSERS_KEY number(19,0) not null,
        CTVUSERS_BIRTH_CNTRY_KEY number(10,0),
        CTVUSERS_BIRTH_DATE timestamp,
        CTVUSERS_BIRTH_PLACE varchar2(255 char),
        CTVUSERS_BIRTH_STATE_KEY number(10,0),
        CTVUSERS_CLSTR_KEY number(19,0),
        CTVUSERS_CNTRY_KEY number(10,0),
        CTVUSERS_CREATE_USERS_KEY number(19,0),
        CTVUSERS_CREATE_DATE timestamp,
        CTVUSERS_FIRST_NAME varchar2(255 char),
        CTVUSERS_LAST_NAME1 varchar2(255 char),
        CTVUSERS_LAST_NAME2 varchar2(255 char),
        CTVUSERS_LDTMD_KEY number(19,0),
        CTVUSERS_LDTMM_KEY number(19,0),
        CTVUSERS_MIDDLE_NAME1 varchar2(255 char),
        CTVUSERS_MIDDLE_NAME2 varchar2(255 char),
        CTVUSERS_PASSWORD varchar2(255 char),
        CTVUSERS_PMTMP_KEY number(19,0),
        CTVUSERS_PREFERRED_NAME varchar2(255 char),
        CTVUSERS_PREFX_KEY number(10,0),
        CTVUSERS_PRIVL_KEY number(10,0),
        CTVUSERS_SCHOL_KEY number(19,0),
        CTVUSERS_STATE_KEY number(10,0),
        CTVUSERS_SUFFX_KEY number(10,0),
        CTVUSERS_ID varchar2(255 char),
        CTVUSERS_LOTYP_KEY number(10,0),
        CTVUSERS_USERNAME varchar2(255 char),
        primary key (CTVUSERS_END_DATE, CTVUSERS_START_DATE, CTVUSERS_KEY)
    )

    create table Car (
        id number(10,0) not null,
        bodyColor_id number(10,0),
        owner_firstName varchar2(50 char),
        owner_isMale number(1,0),
        owner_lastName varchar2(255 char),
        primary key (id)
    )

    create table Color (
        id number(10,0) not null,
        name varchar2(255 char) unique,
        primary key (id)
    )

    create table Corporation (
        id number(10,0) not null,
        name varchar2(255 char),
        primary key (id)
    )

    create table Customer (
        id number(19,0) not null,
        name varchar2(255 char),
        passport_id number(19,0),
        primary key (id)
    )

    create table Deal (
        id number(10,0) not null,
        from_userId varchar2(255 char),
        to_userId varchar2(255 char),
        primary key (id)
    )

    create table DealedCustomer (
        id number(10,0) not null,
        userId varchar2(255 char),
        primary key (id),
        unique (userId)
    )

    create table Discount (
        id number(19,0) not null,
        discount double precision,
        CUSTOMER_ID number(19,0),
        primary key (id)
    )

    create table Flight (
        id number(19,0) not null,
        alternativeDepartureDate timestamp,
        buyDate timestamp,
        departureDate date,
        duration number(19,0) not null,
        flight_name varchar2(50 char) not null,
        triggeredData varchar2(255 char),
        OPTLOCK number(10,0),
        COMP_ID number(10,0),
        primary key (id)
    )

    create table Frame (
        id number(19,0) not null,
        name varchar2(255 char),
        primary key (id),
        unique (name)
    )

    create table Lens (
        id number(19,0) not null,
        focal float not null,
        "frame_fk" varchar2(255 char),
        primary key (id)
    )

    create table Node (
        fld_lvl number(10,0) not null,
        name varchar2(255 char) not null,
        description varchar2(255 char),
        parentName number(10,0),
        parentLevel varchar2(255 char),
        primary key (fld_lvl, name)
    )

    create table ORDERS (
        id number(10,0) not null,
        order_nbr varchar2(255 char),
        primary key (id),
        unique (order_nbr)
    )

    create table OrderLine (
        id number(10,0) not null,
        item varchar2(255 char),
        order_nbr varchar2(255 char) unique,
        primary key (id)
    )

    create table Passport (
        id number(19,0) not null,
        passport_number varchar2(255 char),
        primary key (id)
    )

    create table Ticket (
        id number(19,0) not null,
        ticket_number varchar2(255 char),
        CUST_ID number(19,0),
        primary key (id)
    )

    create table tbl_child (
        id number(10,0) not null,
        parentFirstName varchar2(50 char),
        parentCivility number(1,0),
        parentLastName varchar2(255 char),
        primary key (id)
    )

    create table tbl_parent (
        firstName varchar2(50 char) not null,
        isMale number(1,0) not null,
        lastName varchar2(255 char) not null,
        age number(10,0) not null,
        primary key (firstName, isMale, lastName)
    )

    alter table CLRUS2DI 
        add constraint FK750A057017B4863A 
        foreign key (CLRUS2DI_END_DATE, CLRUS2DI_BEGIN_DATE, CLRUS2DI_USERS_KEY) 
        references CTVUSERS

    alter table Car 
        add constraint FK107B4AFFAACB 
        foreign key (owner_firstName, owner_isMale, owner_lastName) 
        references tbl_parent

    alter table Car 
        add constraint BODY_COLOR_FK 
        foreign key (bodyColor_id) 
        references Color

    alter table Customer 
        add constraint FK27FBE3FE1E3E1F5A 
        foreign key (passport_id) 
        references Passport

    alter table Deal 
        add constraint FK20708C733C37CA 
        foreign key (to_userId) 
        references DealedCustomer (userId)

    alter table Deal 
        add constraint FK20708CD9F74BBB 
        foreign key (from_userId) 
        references DealedCustomer (userId)

    alter table Discount 
        add constraint FK1422D961AED1FBDA 
        foreign key (CUSTOMER_ID) 
        references Customer

    alter table Flight 
        add constraint FK7D96709059315E8 
        foreign key (COMP_ID) 
        references Corporation

    alter table Lens 
        add constraint FK24151E5C29602 
        foreign key ("frame_fk") 
        references Frame (name)

    alter table Node 
        add constraint FK2522228BC11D3 
        foreign key (parentName, parentLevel) 
        references Node

    alter table OrderLine 
        add constraint FK6017744250FBC7D9 
        foreign key (order_nbr) 
        references ORDERS (order_nbr)

    alter table Ticket 
        add constraint FK954D572C5BAC2545 
        foreign key (CUST_ID) 
        references Customer

    alter table tbl_child 
        add constraint FKEC16D15BD64379CD 
        foreign key (parentFirstName, parentCivility, parentLastName) 
        references tbl_parent

    create sequence hibernate_sequence
org.hibernate.dialect.Oracle10gDialect

    drop table CLRUS2DI cascade constraints

    drop table CTVUSERS cascade constraints

    drop table Car cascade constraints

    drop table Color cascade constraints

    drop table Corporation cascade constraints

    drop table Customer cascade constraints

    drop table Deal cascade constraints

    drop table DealedCustomer cascade constraints

    drop table Discount cascade constraints

    drop table Flight cascade constraints

    drop table Frame cascade constraints

    drop table Lens cascade constraints

    drop table Node cascade constraints

    drop table ORDERS cascade constraints

    drop table OrderLine cascade constraints

    drop table Passport cascade constraints

    drop table Ticket cascade constraints

    drop table tbl_child cascade constraints

    drop table tbl_parent cascade constraints

    drop sequence hibernate_sequence

    create table CLRUS2DI (
        CLRUS2DI_KEY number(19,0) not null,
        CLRUS2DI_CREATE_USERS_KEY number(19,0),
        CLRUS2DI_CREATE_DATE timestamp,
        CLRUS2DI_LDTMD_KEY number(19,0),
        CLRUS2DI_PMTMP_KEY number(19,0),
        CLRUS2DI_END_DATE timestamp,
        CLRUS2DI_BEGIN_DATE timestamp,
        CLRUS2DI_USERS_KEY number(19,0),
        primary key (CLRUS2DI_KEY)
    )

    create table CTVUSERS (
        CTVUSERS_END_DATE timestamp not null,
        CTVUSERS_START_DATE timestamp not null,
        CTVUSERS_KEY number(19,0) not null,
        CTVUSERS_BIRTH_CNTRY_KEY number(10,0),
        CTVUSERS_BIRTH_DATE timestamp,
        CTVUSERS_BIRTH_PLACE varchar2(255 char),
        CTVUSERS_BIRTH_STATE_KEY number(10,0),
        CTVUSERS_CLSTR_KEY number(19,0),
        CTVUSERS_CNTRY_KEY number(10,0),
        CTVUSERS_CREATE_USERS_KEY number(19,0),
        CTVUSERS_CREATE_DATE timestamp,
        CTVUSERS_FIRST_NAME varchar2(255 char),
        CTVUSERS_LAST_NAME1 varchar2(255 char),
        CTVUSERS_LAST_NAME2 varchar2(255 char),
        CTVUSERS_LDTMD_KEY number(19,0),
        CTVUSERS_LDTMM_KEY number(19,0),
        CTVUSERS_MIDDLE_NAME1 varchar2(255 char),
        CTVUSERS_MIDDLE_NAME2 varchar2(255 char),
        CTVUSERS_PASSWORD varchar2(255 char),
        CTVUSERS_PMTMP_KEY number(19,0),
        CTVUSERS_PREFERRED_NAME varchar2(255 char),
        CTVUSERS_PREFX_KEY number(10,0),
        CTVUSERS_PRIVL_KEY number(10,0),
        CTVUSERS_SCHOL_KEY number(19,0),
        CTVUSERS_STATE_KEY number(10,0),
        CTVUSERS_SUFFX_KEY number(10,0),
        CTVUSERS_ID varchar2(255 char),
        CTVUSERS_LOTYP_KEY number(10,0),
        CTVUSERS_USERNAME varchar2(255 char),
        primary key (CTVUSERS_END_DATE, CTVUSERS_START_DATE, CTVUSERS_KEY)
    )

    create table Car (
        id number(10,0) not null,
        bodyColor_id number(10,0),
        owner_firstName varchar2(50 char),
        owner_isMale number(1,0),
        owner_lastName varchar2(255 char),
        primary key (id)
    )

    create table Color (
        id number(10,0) not null,
        name varchar2(255 char) unique,
        primary key (id)
    )

    create table Corporation (
        id number(10,0) not null,
        name varchar2(255 char),
        primary key (id)
    )

    create table Customer (
        id number(19,0) not null,
        name varchar2(255 char),
        passport_id number(19,0),
        primary key (id)
    )

    create table Deal (
        id number(10,0) not null,
        from_userId varchar2(255 char),
        to_userId varchar2(255 char),
        primary key (id)
    )

    create table DealedCustomer (
        id number(10,0) not null,
        userId varchar2(255 char),
        primary key (id),
        unique (userId)
    )

    create table Discount (
        id number(19,0) not null,
        discount double precision,
        CUSTOMER_ID number(19,0),
        primary key (id)
    )

    create table Flight (
        id number(19,0) not null,
        alternativeDepartureDate timestamp,
        buyDate timestamp,
        departureDate date,
        duration number(19,0) not null,
        flight_name varchar2(50 char) not null,
        triggeredData varchar2(255 char),
        OPTLOCK number(10,0),
        COMP_ID number(10,0),
        primary key (id)
    )

    create table Frame (
        id number(19,0) not null,
        name varchar2(255 char),
        primary key (id),
        unique (name)
    )

    create table Lens (
        id number(19,0) not null,
        focal float not null,
        "frame_fk" varchar2(255 char),
        primary key (id)
    )

    create table Node (
        fld_lvl number(10,0) not null,
        name varchar2(255 char) not null,
        description varchar2(255 char),
        parentName number(10,0),
        parentLevel varchar2(255 char),
        primary key (fld_lvl, name)
    )

    create table ORDERS (
        id number(10,0) not null,
        order_nbr varchar2(255 char),
        primary key (id),
        unique (order_nbr)
    )

    create table OrderLine (
        id number(10,0) not null,
        item varchar2(255 char),
        order_nbr varchar2(255 char) unique,
        primary key (id)
    )

    create table Passport (
        id number(19,0) not null,
        passport_number varchar2(255 char),
        primary key (id)
    )

    create table Ticket (
        id number(19,0) not null,
        ticket_number varchar2(255 char),
        CUST_ID number(19,0),
        primary key (id)
    )

    create table tbl_child (
        id number(10,0) not null,
        parentFirstName varchar2(50 char),
        parentCivility number(1,0),
        parentLastName varchar2(255 char),
        primary key (id)
    )

    create table tbl_parent (
        firstName varchar2(50 char) not null,
        isMale number(1,0) not null,
        lastName varchar2(255 char) not null,
        age number(10,0) not null,
        primary key (firstName, isMale, lastName)
    )

    alter table CLRUS2DI 
        add constraint FK750A057017B4863A 
        foreign key (CLRUS2DI_END_DATE, CLRUS2DI_BEGIN_DATE, CLRUS2DI_USERS_KEY) 
        references CTVUSERS

    alter table Car 
        add constraint FK107B4AFFAACB 
        foreign key (owner_firstName, owner_isMale, owner_lastName) 
        references tbl_parent

    alter table Car 
        add constraint BODY_COLOR_FK 
        foreign key (bodyColor_id) 
        references Color

    alter table Customer 
        add constraint FK27FBE3FE1E3E1F5A 
        foreign key (passport_id) 
        references Passport

    alter table Deal 
        add constraint FK20708C733C37CA 
        foreign key (to_userId) 
        references DealedCustomer (userId)

    alter table Deal 
        add constraint FK20708CD9F74BBB 
        foreign key (from_userId) 
        references DealedCustomer (userId)

    alter table Discount 
        add constraint FK1422D961AED1FBDA 
        foreign key (CUSTOMER_ID) 
        references Customer

    alter table Flight 
        add constraint FK7D96709059315E8 
        foreign key (COMP_ID) 
        references Corporation

    alter table Lens 
        add constraint FK24151E5C29602 
        foreign key ("frame_fk") 
        references Frame (name)

    alter table Node 
        add constraint FK2522228BC11D3 
        foreign key (parentName, parentLevel) 
        references Node

    alter table OrderLine 
        add constraint FK6017744250FBC7D9 
        foreign key (order_nbr) 
        references ORDERS (order_nbr)

    alter table Ticket 
        add constraint FK954D572C5BAC2545 
        foreign key (CUST_ID) 
        references Customer

    alter table tbl_child 
        add constraint FKEC16D15BD64379CD 
        foreign key (parentFirstName, parentCivility, parentLastName) 
        references tbl_parent

    create sequence hibernate_sequence
org.hibernate.dialect.Oracle10gDialect

    drop table CLRUS2DI cascade constraints

    drop table CTVUSERS cascade constraints

    drop table Car cascade constraints

    drop table Color cascade constraints

    drop table Corporation cascade constraints

    drop table Customer cascade constraints

    drop table Deal cascade constraints

    drop table DealedCustomer cascade constraints

    drop table Discount cascade constraints

    drop table Flight cascade constraints

    drop table Frame cascade constraints

    drop table Lens cascade constraints

    drop table Node cascade constraints

    drop table ORDERS cascade constraints

    drop table OrderLine cascade constraints

    drop table Passport cascade constraints

    drop table Ticket cascade constraints

    drop table tbl_child cascade constraints

    drop table tbl_parent cascade constraints

    drop sequence hibernate_sequence

    create table CLRUS2DI (
        CLRUS2DI_KEY number(19,0) not null,
        CLRUS2DI_CREATE_USERS_KEY number(19,0),
        CLRUS2DI_CREATE_DATE timestamp,
        CLRUS2DI_LDTMD_KEY number(19,0),
        CLRUS2DI_PMTMP_KEY number(19,0),
        CLRUS2DI_END_DATE timestamp,
        CLRUS2DI_BEGIN_DATE timestamp,
        CLRUS2DI_USERS_KEY number(19,0),
        primary key (CLRUS2DI_KEY)
    )

    create table CTVUSERS (
        CTVUSERS_END_DATE timestamp not null,
        CTVUSERS_START_DATE timestamp not null,
        CTVUSERS_KEY number(19,0) not null,
        CTVUSERS_BIRTH_CNTRY_KEY number(10,0),
        CTVUSERS_BIRTH_DATE timestamp,
        CTVUSERS_BIRTH_PLACE varchar2(255 char),
        CTVUSERS_BIRTH_STATE_KEY number(10,0),
        CTVUSERS_CLSTR_KEY number(19,0),
        CTVUSERS_CNTRY_KEY number(10,0),
        CTVUSERS_CREATE_USERS_KEY number(19,0),
        CTVUSERS_CREATE_DATE timestamp,
        CTVUSERS_FIRST_NAME varchar2(255 char),
        CTVUSERS_LAST_NAME1 varchar2(255 char),
        CTVUSERS_LAST_NAME2 varchar2(255 char),
        CTVUSERS_LDTMD_KEY number(19,0),
        CTVUSERS_LDTMM_KEY number(19,0),
        CTVUSERS_MIDDLE_NAME1 varchar2(255 char),
        CTVUSERS_MIDDLE_NAME2 varchar2(255 char),
        CTVUSERS_PASSWORD varchar2(255 char),
        CTVUSERS_PMTMP_KEY number(19,0),
        CTVUSERS_PREFERRED_NAME varchar2(255 char),
        CTVUSERS_PREFX_KEY number(10,0),
        CTVUSERS_PRIVL_KEY number(10,0),
        CTVUSERS_SCHOL_KEY number(19,0),
        CTVUSERS_STATE_KEY number(10,0),
        CTVUSERS_SUFFX_KEY number(10,0),
        CTVUSERS_ID varchar2(255 char),
        CTVUSERS_LOTYP_KEY number(10,0),
        CTVUSERS_USERNAME varchar2(255 char),
        primary key (CTVUSERS_END_DATE, CTVUSERS_START_DATE, CTVUSERS_KEY)
    )

    create table Car (
        id number(10,0) not null,
        bodyColor_id number(10,0),
        owner_firstName varchar2(50 char),
        owner_isMale number(1,0),
        owner_lastName varchar2(255 char),
        primary key (id)
    )

    create table Color (
        id number(10,0) not null,
        name varchar2(255 char) unique,
        primary key (id)
    )

    create table Corporation (
        id number(10,0) not null,
        name varchar2(255 char),
        primary key (id)
    )

    create table Customer (
        id number(19,0) not null,
        name varchar2(255 char),
        passport_id number(19,0),
        primary key (id)
    )

    create table Deal (
        id number(10,0) not null,
        from_userId varchar2(255 char),
        to_userId varchar2(255 char),
        primary key (id)
    )

    create table DealedCustomer (
        id number(10,0) not null,
        userId varchar2(255 char),
        primary key (id),
        unique (userId)
    )

    create table Discount (
        id number(19,0) not null,
        discount double precision,
        CUSTOMER_ID number(19,0),
        primary key (id)
    )

    create table Flight (
        id number(19,0) not null,
        alternativeDepartureDate timestamp,
        buyDate timestamp,
        departureDate date,
        duration number(19,0) not null,
        flight_name varchar2(50 char) not null,
        triggeredData varchar2(255 char),
        OPTLOCK number(10,0),
        COMP_ID number(10,0),
        primary key (id)
    )

    create table Frame (
        id number(19,0) not null,
        name varchar2(255 char),
        primary key (id),
        unique (name)
    )

    create table Lens (
        id number(19,0) not null,
        focal float not null,
        "frame_fk" varchar2(255 char),
        primary key (id)
    )

    create table Node (
        fld_lvl number(10,0) not null,
        name varchar2(255 char) not null,
        description varchar2(255 char),
        parentName number(10,0),
        parentLevel varchar2(255 char),
        primary key (fld_lvl, name)
    )

    create table ORDERS (
        id number(10,0) not null,
        order_nbr varchar2(255 char),
        primary key (id),
        unique (order_nbr)
    )

    create table OrderLine (
        id number(10,0) not null,
        item varchar2(255 char),
        order_nbr varchar2(255 char) unique,
        primary key (id)
    )

    create table Passport (
        id number(19,0) not null,
        passport_number varchar2(255 char),
        primary key (id)
    )

    create table Ticket (
        id number(19,0) not null,
        ticket_number varchar2(255 char),
        CUST_ID number(19,0),
        primary key (id)
    )

    create table tbl_child (
        id number(10,0) not null,
        parentFirstName varchar2(50 char),
        parentCivility number(1,0),
        parentLastName varchar2(255 char),
        primary key (id)
    )

    create table tbl_parent (
        firstName varchar2(50 char) not null,
        isMale number(1,0) not null,
        lastName varchar2(255 char) not null,
        age number(10,0) not null,
        primary key (firstName, isMale, lastName)
    )

    alter table CLRUS2DI 
        add constraint FK750A057017B4863A 
        foreign key (CLRUS2DI_END_DATE, CLRUS2DI_BEGIN_DATE, CLRUS2DI_USERS_KEY) 
        references CTVUSERS

    alter table Car 
        add constraint FK107B4AFFAACB 
        foreign key (owner_firstName, owner_isMale, owner_lastName) 
        references tbl_parent

    alter table Car 
        add constraint BODY_COLOR_FK 
        foreign key (bodyColor_id) 
        references Color

    alter table Customer 
        add constraint FK27FBE3FE1E3E1F5A 
        foreign key (passport_id) 
        references Passport

    alter table Deal 
        add constraint FK20708C733C37CA 
        foreign key (to_userId) 
        references DealedCustomer (userId)

    alter table Deal 
        add constraint FK20708CD9F74BBB 
        foreign key (from_userId) 
        references DealedCustomer (userId)

    alter table Discount 
        add constraint FK1422D961AED1FBDA 
        foreign key (CUSTOMER_ID) 
        references Customer

    alter table Flight 
        add constraint FK7D96709059315E8 
        foreign key (COMP_ID) 
        references Corporation

    alter table Lens 
        add constraint FK24151E5C29602 
        foreign key ("frame_fk") 
        references Frame (name)

    alter table Node 
        add constraint FK2522228BC11D3 
        foreign key (parentName, parentLevel) 
        references Node

    alter table OrderLine 
        add constraint FK6017744250FBC7D9 
        foreign key (order_nbr) 
        references ORDERS (order_nbr)

    alter table Ticket 
        add constraint FK954D572C5BAC2545 
        foreign key (CUST_ID) 
        references Customer

    alter table tbl_child 
        add constraint FKEC16D15BD64379CD 
        foreign key (parentFirstName, parentCivility, parentLastName) 
        references tbl_parent

    create sequence hibernate_sequence
org.hibernate.dialect.Oracle10gDialect

    drop table CLRUS2DI cascade constraints

    drop table CTVUSERS cascade constraints

    drop table Car cascade constraints

    drop table Color cascade constraints

    drop table Corporation cascade constraints

    drop table Customer cascade constraints

    drop table Deal cascade constraints

    drop table DealedCustomer cascade constraints

    drop table Discount cascade constraints

    drop table Flight cascade constraints

    drop table Frame cascade constraints

    drop table Lens cascade constraints

    drop table Node cascade constraints

    drop table ORDERS cascade constraints

    drop table OrderLine cascade constraints

    drop table Passport cascade constraints

    drop table Ticket cascade constraints

    drop table tbl_child cascade constraints

    drop table tbl_parent cascade constraints

    drop sequence hibernate_sequence

    create table CLRUS2DI (
        CLRUS2DI_KEY number(19,0) not null,
        CLRUS2DI_CREATE_USERS_KEY number(19,0),
        CLRUS2DI_CREATE_DATE timestamp,
        CLRUS2DI_LDTMD_KEY number(19,0),
        CLRUS2DI_PMTMP_KEY number(19,0),
        CLRUS2DI_END_DATE timestamp,
        CLRUS2DI_BEGIN_DATE timestamp,
        CLRUS2DI_USERS_KEY number(19,0),
        primary key (CLRUS2DI_KEY)
    )

    create table CTVUSERS (
        CTVUSERS_END_DATE timestamp not null,
        CTVUSERS_START_DATE timestamp not null,
        CTVUSERS_KEY number(19,0) not null,
        CTVUSERS_BIRTH_CNTRY_KEY number(10,0),
        CTVUSERS_BIRTH_DATE timestamp,
        CTVUSERS_BIRTH_PLACE varchar2(255 char),
        CTVUSERS_BIRTH_STATE_KEY number(10,0),
        CTVUSERS_CLSTR_KEY number(19,0),
        CTVUSERS_CNTRY_KEY number(10,0),
        CTVUSERS_CREATE_USERS_KEY number(19,0),
        CTVUSERS_CREATE_DATE timestamp,
        CTVUSERS_FIRST_NAME varchar2(255 char),
        CTVUSERS_LAST_NAME1 varchar2(255 char),
        CTVUSERS_LAST_NAME2 varchar2(255 char),
        CTVUSERS_LDTMD_KEY number(19,0),
        CTVUSERS_LDTMM_KEY number(19,0),
        CTVUSERS_MIDDLE_NAME1 varchar2(255 char),
        CTVUSERS_MIDDLE_NAME2 varchar2(255 char),
        CTVUSERS_PASSWORD varchar2(255 char),
        CTVUSERS_PMTMP_KEY number(19,0),
        CTVUSERS_PREFERRED_NAME varchar2(255 char),
        CTVUSERS_PREFX_KEY number(10,0),
        CTVUSERS_PRIVL_KEY number(10,0),
        CTVUSERS_SCHOL_KEY number(19,0),
        CTVUSERS_STATE_KEY number(10,0),
        CTVUSERS_SUFFX_KEY number(10,0),
        CTVUSERS_ID varchar2(255 char),
        CTVUSERS_LOTYP_KEY number(10,0),
        CTVUSERS_USERNAME varchar2(255 char),
        primary key (CTVUSERS_END_DATE, CTVUSERS_START_DATE, CTVUSERS_KEY)
    )

    create table Car (
        id number(10,0) not null,
        bodyColor_id number(10,0),
        owner_firstName varchar2(50 char),
        owner_isMale number(1,0),
        owner_lastName varchar2(255 char),
        primary key (id)
    )

    create table Color (
        id number(10,0) not null,
        name varchar2(255 char) unique,
        primary key (id)
    )

    create table Corporation (
        id number(10,0) not null,
        name varchar2(255 char),
        primary key (id)
    )

    create table Customer (
        id number(19,0) not null,
        name varchar2(255 char),
        passport_id number(19,0),
        primary key (id)
    )

    create table Deal (
        id number(10,0) not null,
        from_userId varchar2(255 char),
        to_userId varchar2(255 char),
        primary key (id)
    )

    create table DealedCustomer (
        id number(10,0) not null,
        userId varchar2(255 char),
        primary key (id),
        unique (userId)
    )

    create table Discount (
        id number(19,0) not null,
        discount double precision,
        CUSTOMER_ID number(19,0),
        primary key (id)
    )

    create table Flight (
        id number(19,0) not null,
        alternativeDepartureDate timestamp,
        buyDate timestamp,
        departureDate date,
        duration number(19,0) not null,
        flight_name varchar2(50 char) not null,
        triggeredData varchar2(255 char),
        OPTLOCK number(10,0),
        COMP_ID number(10,0),
        primary key (id)
    )

    create table Frame (
        id number(19,0) not null,
        name varchar2(255 char),
        primary key (id),
        unique (name)
    )

    create table Lens (
        id number(19,0) not null,
        focal float not null,
        "frame_fk" varchar2(255 char),
        primary key (id)
    )

    create table Node (
        fld_lvl number(10,0) not null,
        name varchar2(255 char) not null,
        description varchar2(255 char),
        parentName number(10,0),
        parentLevel varchar2(255 char),
        primary key (fld_lvl, name)
    )

    create table ORDERS (
        id number(10,0) not null,
        order_nbr varchar2(255 char),
        primary key (id),
        unique (order_nbr)
    )

    create table OrderLine (
        id number(10,0) not null,
        item varchar2(255 char),
        order_nbr varchar2(255 char) unique,
        primary key (id)
    )

    create table Passport (
        id number(19,0) not null,
        passport_number varchar2(255 char),
        primary key (id)
    )

    create table Ticket (
        id number(19,0) not null,
        ticket_number varchar2(255 char),
        CUST_ID number(19,0),
        primary key (id)
    )

    create table tbl_child (
        id number(10,0) not null,
        parentFirstName varchar2(50 char),
        parentCivility number(1,0),
        parentLastName varchar2(255 char),
        primary key (id)
    )

    create table tbl_parent (
        firstName varchar2(50 char) not null,
        isMale number(1,0) not null,
        lastName varchar2(255 char) not null,
        age number(10,0) not null,
        primary key (firstName, isMale, lastName)
    )

    alter table CLRUS2DI 
        add constraint FK750A057017B4863A 
        foreign key (CLRUS2DI_END_DATE, CLRUS2DI_BEGIN_DATE, CLRUS2DI_USERS_KEY) 
        references CTVUSERS

    alter table Car 
        add constraint FK107B4AFFAACB 
        foreign key (owner_firstName, owner_isMale, owner_lastName) 
        references tbl_parent

    alter table Car 
        add constraint BODY_COLOR_FK 
        foreign key (bodyColor_id) 
        references Color

    alter table Customer 
        add constraint FK27FBE3FE1E3E1F5A 
        foreign key (passport_id) 
        references Passport

    alter table Deal 
        add constraint FK20708C733C37CA 
        foreign key (to_userId) 
        references DealedCustomer (userId)

    alter table Deal 
        add constraint FK20708CD9F74BBB 
        foreign key (from_userId) 
        references DealedCustomer (userId)

    alter table Discount 
        add constraint FK1422D961AED1FBDA 
        foreign key (CUSTOMER_ID) 
        references Customer

    alter table Flight 
        add constraint FK7D96709059315E8 
        foreign key (COMP_ID) 
        references Corporation

    alter table Lens 
        add constraint FK24151E5C29602 
        foreign key ("frame_fk") 
        references Frame (name)

    alter table Node 
        add constraint FK2522228BC11D3 
        foreign key (parentName, parentLevel) 
        references Node

    alter table OrderLine 
        add constraint FK6017744250FBC7D9 
        foreign key (order_nbr) 
        references ORDERS (order_nbr)

    alter table Ticket 
        add constraint FK954D572C5BAC2545 
        foreign key (CUST_ID) 
        references Customer

    alter table tbl_child 
        add constraint FKEC16D15BD64379CD 
        foreign key (parentFirstName, parentCivility, parentLastName) 
        references tbl_parent

    create sequence hibernate_sequence
org.hibernate.dialect.Oracle10gDialect

    drop table CLRUS2DI cascade constraints

    drop table CTVUSERS cascade constraints

    drop table Car cascade constraints

    drop table Color cascade constraints

    drop table Corporation cascade constraints

    drop table Customer cascade constraints

    drop table Deal cascade constraints

    drop table DealedCustomer cascade constraints

    drop table Discount cascade constraints

    drop table Flight cascade constraints

    drop table Frame cascade constraints

    drop table Lens cascade constraints

    drop table Node cascade constraints

    drop table ORDERS cascade constraints

    drop table OrderLine cascade constraints

    drop table Passport cascade constraints

    drop table Ticket cascade constraints

    drop table tbl_child cascade constraints

    drop table tbl_parent cascade constraints

    drop sequence hibernate_sequence

    create table CLRUS2DI (
        CLRUS2DI_KEY number(19,0) not null,
        CLRUS2DI_CREATE_USERS_KEY number(19,0),
        CLRUS2DI_CREATE_DATE timestamp,
        CLRUS2DI_LDTMD_KEY number(19,0),
        CLRUS2DI_PMTMP_KEY number(19,0),
        CLRUS2DI_END_DATE timestamp,
        CLRUS2DI_BEGIN_DATE timestamp,
        CLRUS2DI_USERS_KEY number(19,0),
        primary key (CLRUS2DI_KEY)
    )

    create table CTVUSERS (
        CTVUSERS_END_DATE timestamp not null,
        CTVUSERS_START_DATE timestamp not null,
        CTVUSERS_KEY number(19,0) not null,
        CTVUSERS_BIRTH_CNTRY_KEY number(10,0),
        CTVUSERS_BIRTH_DATE timestamp,
        CTVUSERS_BIRTH_PLACE varchar2(255 char),
        CTVUSERS_BIRTH_STATE_KEY number(10,0),
        CTVUSERS_CLSTR_KEY number(19,0),
        CTVUSERS_CNTRY_KEY number(10,0),
        CTVUSERS_CREATE_USERS_KEY number(19,0),
        CTVUSERS_CREATE_DATE timestamp,
        CTVUSERS_FIRST_NAME varchar2(255 char),
        CTVUSERS_LAST_NAME1 varchar2(255 char),
        CTVUSERS_LAST_NAME2 varchar2(255 char),
        CTVUSERS_LDTMD_KEY number(19,0),
        CTVUSERS_LDTMM_KEY number(19,0),
        CTVUSERS_MIDDLE_NAME1 varchar2(255 char),
        CTVUSERS_MIDDLE_NAME2 varchar2(255 char),
        CTVUSERS_PASSWORD varchar2(255 char),
        CTVUSERS_PMTMP_KEY number(19,0),
        CTVUSERS_PREFERRED_NAME varchar2(255 char),
        CTVUSERS_PREFX_KEY number(10,0),
        CTVUSERS_PRIVL_KEY number(10,0),
        CTVUSERS_SCHOL_KEY number(19,0),
        CTVUSERS_STATE_KEY number(10,0),
        CTVUSERS_SUFFX_KEY number(10,0),
        CTVUSERS_ID varchar2(255 char),
        CTVUSERS_LOTYP_KEY number(10,0),
        CTVUSERS_USERNAME varchar2(255 char),
        primary key (CTVUSERS_END_DATE, CTVUSERS_START_DATE, CTVUSERS_KEY)
    )

    create table Car (
        id number(10,0) not null,
        bodyColor_id number(10,0),
        owner_firstName varchar2(50 char),
        owner_isMale number(1,0),
        owner_lastName varchar2(255 char),
        primary key (id)
    )

    create table Color (
        id number(10,0) not null,
        name varchar2(255 char) unique,
        primary key (id)
    )

    create table Corporation (
        id number(10,0) not null,
        name varchar2(255 char),
        primary key (id)
    )

    create table Customer (
        id number(19,0) not null,
        name varchar2(255 char),
        passport_id number(19,0),
        primary key (id)
    )

    create table Deal (
        id number(10,0) not null,
        from_userId varchar2(255 char),
        to_userId varchar2(255 char),
        primary key (id)
    )

    create table DealedCustomer (
        id number(10,0) not null,
        userId varchar2(255 char),
        primary key (id),
        unique (userId)
    )

    create table Discount (
        id number(19,0) not null,
        discount double precision,
        CUSTOMER_ID number(19,0),
        primary key (id)
    )

    create table Flight (
        id number(19,0) not null,
        alternativeDepartureDate timestamp,
        buyDate timestamp,
        departureDate date,
        duration number(19,0) not null,
        flight_name varchar2(50 char) not null,
        triggeredData varchar2(255 char),
        OPTLOCK number(10,0),
        COMP_ID number(10,0),
        primary key (id)
    )

    create table Frame (
        id number(19,0) not null,
        name varchar2(255 char),
        primary key (id),
        unique (name)
    )

    create table Lens (
        id number(19,0) not null,
        focal float not null,
        "frame_fk" varchar2(255 char),
        primary key (id)
    )

    create table Node (
        fld_lvl number(10,0) not null,
        name varchar2(255 char) not null,
        description varchar2(255 char),
        parentName number(10,0),
        parentLevel varchar2(255 char),
        primary key (fld_lvl, name)
    )

    create table ORDERS (
        id number(10,0) not null,
        order_nbr varchar2(255 char),
        primary key (id),
        unique (order_nbr)
    )

    create table OrderLine (
        id number(10,0) not null,
        item varchar2(255 char),
        order_nbr varchar2(255 char) unique,
        primary key (id)
    )

    create table Passport (
        id number(19,0) not null,
        passport_number varchar2(255 char),
        primary key (id)
    )

    create table Ticket (
        id number(19,0) not null,
        ticket_number varchar2(255 char),
        CUST_ID number(19,0),
        primary key (id)
    )

    create table tbl_child (
        id number(10,0) not null,
        parentFirstName varchar2(50 char),
        parentCivility number(1,0),
        parentLastName varchar2(255 char),
        primary key (id)
    )

    create table tbl_parent (
        firstName varchar2(50 char) not null,
        isMale number(1,0) not null,
        lastName varchar2(255 char) not null,
        age number(10,0) not null,
        primary key (firstName, isMale, lastName)
    )

    alter table CLRUS2DI 
        add constraint FK750A057017B4863A 
        foreign key (CLRUS2DI_END_DATE, CLRUS2DI_BEGIN_DATE, CLRUS2DI_USERS_KEY) 
        references CTVUSERS

    alter table Car 
        add constraint FK107B4AFFAACB 
        foreign key (owner_firstName, owner_isMale, owner_lastName) 
        references tbl_parent

    alter table Car 
        add constraint BODY_COLOR_FK 
        foreign key (bodyColor_id) 
        references Color

    alter table Customer 
        add constraint FK27FBE3FE1E3E1F5A 
        foreign key (passport_id) 
        references Passport

    alter table Deal 
        add constraint FK20708C733C37CA 
        foreign key (to_userId) 
        references DealedCustomer (userId)

    alter table Deal 
        add constraint FK20708CD9F74BBB 
        foreign key (from_userId) 
        references DealedCustomer (userId)

    alter table Discount 
        add constraint FK1422D961AED1FBDA 
        foreign key (CUSTOMER_ID) 
        references Customer

    alter table Flight 
        add constraint FK7D96709059315E8 
        foreign key (COMP_ID) 
        references Corporation

    alter table Lens 
        add constraint FK24151E5C29602 
        foreign key ("frame_fk") 
        references Frame (name)

    alter table Node 
        add constraint FK2522228BC11D3 
        foreign key (parentName, parentLevel) 
        references Node

    alter table OrderLine 
        add constraint FK6017744250FBC7D9 
        foreign key (order_nbr) 
        references ORDERS (order_nbr)

    alter table Ticket 
        add constraint FK954D572C5BAC2545 
        foreign key (CUST_ID) 
        references Customer

    alter table tbl_child 
        add constraint FKEC16D15BD64379CD 
        foreign key (parentFirstName, parentCivility, parentLastName) 
        references tbl_parent

    create sequence hibernate_sequence
]]></system-out>
  <system-err><![CDATA[]]></system-err>
</testsuite>
