<?xml version="1.0" encoding="UTF-8" ?>
<testsuite errors="0" failures="0" hostname="soa6.qa.atl2.redhat.com" name="org.hibernate.test.annotations.cid.CompositeIdFKComparisonUsesIdentityHashCodeTest" tests="8" time="232.743" timestamp="2010-11-16T21:32:52">
  <properties>
[...]
</properties>
  <testcase classname="org.hibernate.test.annotations.cid.CompositeIdFKComparisonUsesIdentityHashCodeTest" name="testOneToOneInCompositePk" time="29.421"></testcase>
  <testcase classname="org.hibernate.test.annotations.cid.CompositeIdFKComparisonUsesIdentityHashCodeTest" name="testManyToOneInCompositePk" time="13.666"></testcase>
  <testcase classname="org.hibernate.test.annotations.cid.CompositeIdFKComparisonUsesIdentityHashCodeTest" name="testManyToOneInCompositePkAndSubclass" time="33.482"></testcase>
  <testcase classname="org.hibernate.test.annotations.cid.CompositeIdFKComparisonUsesIdentityHashCodeTest" name="testManyToOneInCompositeId" time="33.0"></testcase>
  <testcase classname="org.hibernate.test.annotations.cid.CompositeIdFKComparisonUsesIdentityHashCodeTest" name="testManyToOneInCompositeIdClass" time="23.736"></testcase>
  <testcase classname="org.hibernate.test.annotations.cid.CompositeIdFKComparisonUsesIdentityHashCodeTest" name="testSecondaryTableWithCompositeId" time="42.415"></testcase>
  <testcase classname="org.hibernate.test.annotations.cid.CompositeIdFKComparisonUsesIdentityHashCodeTest" name="testSecondaryTableWithIdClass" time="43.137"></testcase>
  <testcase classname="org.hibernate.test.annotations.cid.CompositeIdFKComparisonUsesIdentityHashCodeTest" name="testQueryInAndComposite" time="13.88"></testcase>
  <system-out><![CDATA[org.hibernate.dialect.Oracle10gDialect
org.hibernate.dialect.Oracle10gDialect

    drop table A cascade constraints

    drop table B cascade constraints

    drop table C cascade constraints

    drop table Channel cascade constraints

    drop table Child cascade constraints

    drop table LittleGenius cascade constraints

    drop table OrderLine cascade constraints

    drop table OrderTableFoobar cascade constraints

    drop table Parent cascade constraints

    drop table Presenter cascade constraints

    drop table Product cascade constraints

    drop table SomeEntity cascade constraints

    drop table TV_PROGRAM_EXT cascade constraints

    drop table TV_PROGRAM_IDCLASS cascade constraints

    drop table TvMagazin cascade constraints

    drop table TvProgram cascade constraints

    drop table TvProgramIdClass cascade constraints

    drop sequence hibernate_sequence

    create table A (
        bid number(19,0) not null,
        cid number(19,0) not null,
        primary key (bid, cid)
    )

    create table B (
        id number(19,0) not null,
        primary key (id)
    )

    create table C (
        id number(19,0) not null,
        primary key (id)
    )

    create table Channel (
        id number(10,0) not null,
        primary key (id)
    )

    create table Child (
        nth number(10,0) not null,
        parentFirstName varchar2(255 char) not null,
        parentLastName varchar2(255 char) not null,
        primary key (nth, parentFirstName, parentLastName)
    )

    create table LittleGenius (
        particularSkill varchar2(255 char),
        nthChild number(10,0) not null,
        parentLastName varchar2(255 char) not null,
        parentFirstName varchar2(255 char) not null,
        primary key (nthChild, parentLastName, parentFirstName)
    )

    create table OrderLine (
        foo number(10,0) not null,
        bar varchar2(255 char) not null,
        primary key (foo, bar)
    )

    create table OrderTableFoobar (
        id number(10,0) not null,
        primary key (id)
    )

    create table Parent (
        firstName varchar2(255 char) not null,
        p_lname varchar2(255 char) not null,
        primary key (firstName, p_lname)
    )

    create table Presenter (
        name varchar2(255 char) not null,
        primary key (name)
    )

    create table Product (
        name varchar2(255 char) not null,
        primary key (name)
    )

    create table SomeEntity (
        id number(10,0) not null,
        version number(10,0) not null,
        prop varchar2(255 char),
        primary key (id, version)
    )

    create table TV_PROGRAM_EXT (
        TXT varchar2(255 char),
        CHANNEL_ID number(10,0) not null,
        PRESENTER_NAME varchar2(255 char) not null,
        primary key (CHANNEL_ID, PRESENTER_NAME)
    )

    create table TV_PROGRAM_IDCLASS (
        TXT varchar2(255 char),
        CHANNEL_ID number(10,0) not null,
        PRESENTER_NAME varchar2(255 char) not null,
        primary key (CHANNEL_ID, PRESENTER_NAME)
    )

    create table TvMagazin (
        time date,
        presenter_name varchar2(255 char) not null,
        chan_id number(10,0) not null,
        primary key (chan_id, presenter_name)
    )

    create table TvProgram (
        time date,
        channel_id number(10,0) not null,
        presenter_name varchar2(255 char) not null,
        primary key (channel_id, presenter_name)
    )

    create table TvProgramIdClass (
        time date,
        channel_id number(10,0) not null,
        presenter_name varchar2(255 char) not null,
        primary key (channel_id, presenter_name)
    )

    alter table A 
        add constraint FK4148D4294F 
        foreign key (bid) 
        references B

    alter table A 
        add constraint FK4148D42D11 
        foreign key (cid) 
        references C

    alter table Child 
        add constraint FK3E104FC98F66F56 
        foreign key (parentFirstName, parentLastName) 
        references Parent

    alter table LittleGenius 
        add constraint FK6B933A2D622F5CA2 
        foreign key (nthChild, parentLastName, parentFirstName) 
        references Child

    alter table OrderLine 
        add constraint FK60177442D0E4804 
        foreign key (foo) 
        references OrderTableFoobar

    alter table OrderLine 
        add constraint FK60177442324D40F2 
        foreign key (bar) 
        references Product

    alter table TV_PROGRAM_EXT 
        add constraint FKD459CB69BE07F92B 
        foreign key (CHANNEL_ID, PRESENTER_NAME) 
        references TvProgram

    alter table TV_PROGRAM_IDCLASS 
        add constraint FKE2EFEA8590D452C4 
        foreign key (CHANNEL_ID, PRESENTER_NAME) 
        references TvProgramIdClass

    alter table TvMagazin 
        add constraint FK1CDE65EF9CD4BA1B 
        foreign key (chan_id) 
        references Channel

    alter table TvMagazin 
        add constraint FK1CDE65EF9895585A 
        foreign key (presenter_name) 
        references Presenter

    alter table TvProgram 
        add constraint FKD906D1829895585A 
        foreign key (presenter_name) 
        references Presenter

    alter table TvProgram 
        add constraint FKD906D182FDB3A6CA 
        foreign key (channel_id) 
        references Channel

    alter table TvProgramIdClass 
        add constraint FK6E63153B9895585A 
        foreign key (presenter_name) 
        references Presenter

    alter table TvProgramIdClass 
        add constraint FK6E63153BFDB3A6CA 
        foreign key (channel_id) 
        references Channel

    create sequence hibernate_sequence
org.hibernate.dialect.Oracle10gDialect

    drop table A cascade constraints

    drop table B cascade constraints

    drop table C cascade constraints

    drop table Channel cascade constraints

    drop table Child cascade constraints

    drop table LittleGenius cascade constraints

    drop table OrderLine cascade constraints

    drop table OrderTableFoobar cascade constraints

    drop table Parent cascade constraints

    drop table Presenter cascade constraints

    drop table Product cascade constraints

    drop table SomeEntity cascade constraints

    drop table TV_PROGRAM_EXT cascade constraints

    drop table TV_PROGRAM_IDCLASS cascade constraints

    drop table TvMagazin cascade constraints

    drop table TvProgram cascade constraints

    drop table TvProgramIdClass cascade constraints

    drop sequence hibernate_sequence

    create table A (
        bid number(19,0) not null,
        cid number(19,0) not null,
        primary key (bid, cid)
    )

    create table B (
        id number(19,0) not null,
        primary key (id)
    )

    create table C (
        id number(19,0) not null,
        primary key (id)
    )

    create table Channel (
        id number(10,0) not null,
        primary key (id)
    )

    create table Child (
        nth number(10,0) not null,
        parentFirstName varchar2(255 char) not null,
        parentLastName varchar2(255 char) not null,
        primary key (nth, parentFirstName, parentLastName)
    )

    create table LittleGenius (
        particularSkill varchar2(255 char),
        nthChild number(10,0) not null,
        parentLastName varchar2(255 char) not null,
        parentFirstName varchar2(255 char) not null,
        primary key (nthChild, parentLastName, parentFirstName)
    )

    create table OrderLine (
        foo number(10,0) not null,
        bar varchar2(255 char) not null,
        primary key (foo, bar)
    )

    create table OrderTableFoobar (
        id number(10,0) not null,
        primary key (id)
    )

    create table Parent (
        firstName varchar2(255 char) not null,
        p_lname varchar2(255 char) not null,
        primary key (firstName, p_lname)
    )

    create table Presenter (
        name varchar2(255 char) not null,
        primary key (name)
    )

    create table Product (
        name varchar2(255 char) not null,
        primary key (name)
    )

    create table SomeEntity (
        id number(10,0) not null,
        version number(10,0) not null,
        prop varchar2(255 char),
        primary key (id, version)
    )

    create table TV_PROGRAM_EXT (
        TXT varchar2(255 char),
        CHANNEL_ID number(10,0) not null,
        PRESENTER_NAME varchar2(255 char) not null,
        primary key (CHANNEL_ID, PRESENTER_NAME)
    )

    create table TV_PROGRAM_IDCLASS (
        TXT varchar2(255 char),
        CHANNEL_ID number(10,0) not null,
        PRESENTER_NAME varchar2(255 char) not null,
        primary key (CHANNEL_ID, PRESENTER_NAME)
    )

    create table TvMagazin (
        time date,
        presenter_name varchar2(255 char) not null,
        chan_id number(10,0) not null,
        primary key (chan_id, presenter_name)
    )

    create table TvProgram (
        time date,
        channel_id number(10,0) not null,
        presenter_name varchar2(255 char) not null,
        primary key (channel_id, presenter_name)
    )

    create table TvProgramIdClass (
        time date,
        channel_id number(10,0) not null,
        presenter_name varchar2(255 char) not null,
        primary key (channel_id, presenter_name)
    )

    alter table A 
        add constraint FK4148D4294F 
        foreign key (bid) 
        references B

    alter table A 
        add constraint FK4148D42D11 
        foreign key (cid) 
        references C

    alter table Child 
        add constraint FK3E104FC98F66F56 
        foreign key (parentFirstName, parentLastName) 
        references Parent

    alter table LittleGenius 
        add constraint FK6B933A2D622F5CA2 
        foreign key (nthChild, parentLastName, parentFirstName) 
        references Child

    alter table OrderLine 
        add constraint FK60177442D0E4804 
        foreign key (foo) 
        references OrderTableFoobar

    alter table OrderLine 
        add constraint FK60177442324D40F2 
        foreign key (bar) 
        references Product

    alter table TV_PROGRAM_EXT 
        add constraint FKD459CB69BE07F92B 
        foreign key (CHANNEL_ID, PRESENTER_NAME) 
        references TvProgram

    alter table TV_PROGRAM_IDCLASS 
        add constraint FKE2EFEA8590D452C4 
        foreign key (CHANNEL_ID, PRESENTER_NAME) 
        references TvProgramIdClass

    alter table TvMagazin 
        add constraint FK1CDE65EF9CD4BA1B 
        foreign key (chan_id) 
        references Channel

    alter table TvMagazin 
        add constraint FK1CDE65EF9895585A 
        foreign key (presenter_name) 
        references Presenter

    alter table TvProgram 
        add constraint FKD906D1829895585A 
        foreign key (presenter_name) 
        references Presenter

    alter table TvProgram 
        add constraint FKD906D182FDB3A6CA 
        foreign key (channel_id) 
        references Channel

    alter table TvProgramIdClass 
        add constraint FK6E63153B9895585A 
        foreign key (presenter_name) 
        references Presenter

    alter table TvProgramIdClass 
        add constraint FK6E63153BFDB3A6CA 
        foreign key (channel_id) 
        references Channel

    create sequence hibernate_sequence
org.hibernate.dialect.Oracle10gDialect

    drop table A cascade constraints

    drop table B cascade constraints

    drop table C cascade constraints

    drop table Channel cascade constraints

    drop table Child cascade constraints

    drop table LittleGenius cascade constraints

    drop table OrderLine cascade constraints

    drop table OrderTableFoobar cascade constraints

    drop table Parent cascade constraints

    drop table Presenter cascade constraints

    drop table Product cascade constraints

    drop table SomeEntity cascade constraints

    drop table TV_PROGRAM_EXT cascade constraints

    drop table TV_PROGRAM_IDCLASS cascade constraints

    drop table TvMagazin cascade constraints

    drop table TvProgram cascade constraints

    drop table TvProgramIdClass cascade constraints

    drop sequence hibernate_sequence

    create table A (
        bid number(19,0) not null,
        cid number(19,0) not null,
        primary key (bid, cid)
    )

    create table B (
        id number(19,0) not null,
        primary key (id)
    )

    create table C (
        id number(19,0) not null,
        primary key (id)
    )

    create table Channel (
        id number(10,0) not null,
        primary key (id)
    )

    create table Child (
        nth number(10,0) not null,
        parentFirstName varchar2(255 char) not null,
        parentLastName varchar2(255 char) not null,
        primary key (nth, parentFirstName, parentLastName)
    )

    create table LittleGenius (
        particularSkill varchar2(255 char),
        nthChild number(10,0) not null,
        parentLastName varchar2(255 char) not null,
        parentFirstName varchar2(255 char) not null,
        primary key (nthChild, parentLastName, parentFirstName)
    )

    create table OrderLine (
        foo number(10,0) not null,
        bar varchar2(255 char) not null,
        primary key (foo, bar)
    )

    create table OrderTableFoobar (
        id number(10,0) not null,
        primary key (id)
    )

    create table Parent (
        firstName varchar2(255 char) not null,
        p_lname varchar2(255 char) not null,
        primary key (firstName, p_lname)
    )

    create table Presenter (
        name varchar2(255 char) not null,
        primary key (name)
    )

    create table Product (
        name varchar2(255 char) not null,
        primary key (name)
    )

    create table SomeEntity (
        id number(10,0) not null,
        version number(10,0) not null,
        prop varchar2(255 char),
        primary key (id, version)
    )

    create table TV_PROGRAM_EXT (
        TXT varchar2(255 char),
        CHANNEL_ID number(10,0) not null,
        PRESENTER_NAME varchar2(255 char) not null,
        primary key (CHANNEL_ID, PRESENTER_NAME)
    )

    create table TV_PROGRAM_IDCLASS (
        TXT varchar2(255 char),
        CHANNEL_ID number(10,0) not null,
        PRESENTER_NAME varchar2(255 char) not null,
        primary key (CHANNEL_ID, PRESENTER_NAME)
    )

    create table TvMagazin (
        time date,
        presenter_name varchar2(255 char) not null,
        chan_id number(10,0) not null,
        primary key (chan_id, presenter_name)
    )

    create table TvProgram (
        time date,
        channel_id number(10,0) not null,
        presenter_name varchar2(255 char) not null,
        primary key (channel_id, presenter_name)
    )

    create table TvProgramIdClass (
        time date,
        channel_id number(10,0) not null,
        presenter_name varchar2(255 char) not null,
        primary key (channel_id, presenter_name)
    )

    alter table A 
        add constraint FK4148D4294F 
        foreign key (bid) 
        references B

    alter table A 
        add constraint FK4148D42D11 
        foreign key (cid) 
        references C

    alter table Child 
        add constraint FK3E104FC98F66F56 
        foreign key (parentFirstName, parentLastName) 
        references Parent

    alter table LittleGenius 
        add constraint FK6B933A2D622F5CA2 
        foreign key (nthChild, parentLastName, parentFirstName) 
        references Child

    alter table OrderLine 
        add constraint FK60177442D0E4804 
        foreign key (foo) 
        references OrderTableFoobar

    alter table OrderLine 
        add constraint FK60177442324D40F2 
        foreign key (bar) 
        references Product

    alter table TV_PROGRAM_EXT 
        add constraint FKD459CB69BE07F92B 
        foreign key (CHANNEL_ID, PRESENTER_NAME) 
        references TvProgram

    alter table TV_PROGRAM_IDCLASS 
        add constraint FKE2EFEA8590D452C4 
        foreign key (CHANNEL_ID, PRESENTER_NAME) 
        references TvProgramIdClass

    alter table TvMagazin 
        add constraint FK1CDE65EF9CD4BA1B 
        foreign key (chan_id) 
        references Channel

    alter table TvMagazin 
        add constraint FK1CDE65EF9895585A 
        foreign key (presenter_name) 
        references Presenter

    alter table TvProgram 
        add constraint FKD906D1829895585A 
        foreign key (presenter_name) 
        references Presenter

    alter table TvProgram 
        add constraint FKD906D182FDB3A6CA 
        foreign key (channel_id) 
        references Channel

    alter table TvProgramIdClass 
        add constraint FK6E63153B9895585A 
        foreign key (presenter_name) 
        references Presenter

    alter table TvProgramIdClass 
        add constraint FK6E63153BFDB3A6CA 
        foreign key (channel_id) 
        references Channel

    create sequence hibernate_sequence
org.hibernate.dialect.Oracle10gDialect

    drop table A cascade constraints

    drop table B cascade constraints

    drop table C cascade constraints

    drop table Channel cascade constraints

    drop table Child cascade constraints

    drop table LittleGenius cascade constraints

    drop table OrderLine cascade constraints

    drop table OrderTableFoobar cascade constraints

    drop table Parent cascade constraints

    drop table Presenter cascade constraints

    drop table Product cascade constraints

    drop table SomeEntity cascade constraints

    drop table TV_PROGRAM_EXT cascade constraints

    drop table TV_PROGRAM_IDCLASS cascade constraints

    drop table TvMagazin cascade constraints

    drop table TvProgram cascade constraints

    drop table TvProgramIdClass cascade constraints

    drop sequence hibernate_sequence

    create table A (
        bid number(19,0) not null,
        cid number(19,0) not null,
        primary key (bid, cid)
    )

    create table B (
        id number(19,0) not null,
        primary key (id)
    )

    create table C (
        id number(19,0) not null,
        primary key (id)
    )

    create table Channel (
        id number(10,0) not null,
        primary key (id)
    )

    create table Child (
        nth number(10,0) not null,
        parentFirstName varchar2(255 char) not null,
        parentLastName varchar2(255 char) not null,
        primary key (nth, parentFirstName, parentLastName)
    )

    create table LittleGenius (
        particularSkill varchar2(255 char),
        nthChild number(10,0) not null,
        parentLastName varchar2(255 char) not null,
        parentFirstName varchar2(255 char) not null,
        primary key (nthChild, parentLastName, parentFirstName)
    )

    create table OrderLine (
        foo number(10,0) not null,
        bar varchar2(255 char) not null,
        primary key (foo, bar)
    )

    create table OrderTableFoobar (
        id number(10,0) not null,
        primary key (id)
    )

    create table Parent (
        firstName varchar2(255 char) not null,
        p_lname varchar2(255 char) not null,
        primary key (firstName, p_lname)
    )

    create table Presenter (
        name varchar2(255 char) not null,
        primary key (name)
    )

    create table Product (
        name varchar2(255 char) not null,
        primary key (name)
    )

    create table SomeEntity (
        id number(10,0) not null,
        version number(10,0) not null,
        prop varchar2(255 char),
        primary key (id, version)
    )

    create table TV_PROGRAM_EXT (
        TXT varchar2(255 char),
        CHANNEL_ID number(10,0) not null,
        PRESENTER_NAME varchar2(255 char) not null,
        primary key (CHANNEL_ID, PRESENTER_NAME)
    )

    create table TV_PROGRAM_IDCLASS (
        TXT varchar2(255 char),
        CHANNEL_ID number(10,0) not null,
        PRESENTER_NAME varchar2(255 char) not null,
        primary key (CHANNEL_ID, PRESENTER_NAME)
    )

    create table TvMagazin (
        time date,
        presenter_name varchar2(255 char) not null,
        chan_id number(10,0) not null,
        primary key (chan_id, presenter_name)
    )

    create table TvProgram (
        time date,
        channel_id number(10,0) not null,
        presenter_name varchar2(255 char) not null,
        primary key (channel_id, presenter_name)
    )

    create table TvProgramIdClass (
        time date,
        channel_id number(10,0) not null,
        presenter_name varchar2(255 char) not null,
        primary key (channel_id, presenter_name)
    )

    alter table A 
        add constraint FK4148D4294F 
        foreign key (bid) 
        references B

    alter table A 
        add constraint FK4148D42D11 
        foreign key (cid) 
        references C

    alter table Child 
        add constraint FK3E104FC98F66F56 
        foreign key (parentFirstName, parentLastName) 
        references Parent

    alter table LittleGenius 
        add constraint FK6B933A2D622F5CA2 
        foreign key (nthChild, parentLastName, parentFirstName) 
        references Child

    alter table OrderLine 
        add constraint FK60177442D0E4804 
        foreign key (foo) 
        references OrderTableFoobar

    alter table OrderLine 
        add constraint FK60177442324D40F2 
        foreign key (bar) 
        references Product

    alter table TV_PROGRAM_EXT 
        add constraint FKD459CB69BE07F92B 
        foreign key (CHANNEL_ID, PRESENTER_NAME) 
        references TvProgram

    alter table TV_PROGRAM_IDCLASS 
        add constraint FKE2EFEA8590D452C4 
        foreign key (CHANNEL_ID, PRESENTER_NAME) 
        references TvProgramIdClass

    alter table TvMagazin 
        add constraint FK1CDE65EF9CD4BA1B 
        foreign key (chan_id) 
        references Channel

    alter table TvMagazin 
        add constraint FK1CDE65EF9895585A 
        foreign key (presenter_name) 
        references Presenter

    alter table TvProgram 
        add constraint FKD906D1829895585A 
        foreign key (presenter_name) 
        references Presenter

    alter table TvProgram 
        add constraint FKD906D182FDB3A6CA 
        foreign key (channel_id) 
        references Channel

    alter table TvProgramIdClass 
        add constraint FK6E63153B9895585A 
        foreign key (presenter_name) 
        references Presenter

    alter table TvProgramIdClass 
        add constraint FK6E63153BFDB3A6CA 
        foreign key (channel_id) 
        references Channel

    create sequence hibernate_sequence
org.hibernate.dialect.Oracle10gDialect

    drop table A cascade constraints

    drop table B cascade constraints

    drop table C cascade constraints

    drop table Channel cascade constraints

    drop table Child cascade constraints

    drop table LittleGenius cascade constraints

    drop table OrderLine cascade constraints

    drop table OrderTableFoobar cascade constraints

    drop table Parent cascade constraints

    drop table Presenter cascade constraints

    drop table Product cascade constraints

    drop table SomeEntity cascade constraints

    drop table TV_PROGRAM_EXT cascade constraints

    drop table TV_PROGRAM_IDCLASS cascade constraints

    drop table TvMagazin cascade constraints

    drop table TvProgram cascade constraints

    drop table TvProgramIdClass cascade constraints

    drop sequence hibernate_sequence

    create table A (
        bid number(19,0) not null,
        cid number(19,0) not null,
        primary key (bid, cid)
    )

    create table B (
        id number(19,0) not null,
        primary key (id)
    )

    create table C (
        id number(19,0) not null,
        primary key (id)
    )

    create table Channel (
        id number(10,0) not null,
        primary key (id)
    )

    create table Child (
        nth number(10,0) not null,
        parentFirstName varchar2(255 char) not null,
        parentLastName varchar2(255 char) not null,
        primary key (nth, parentFirstName, parentLastName)
    )

    create table LittleGenius (
        particularSkill varchar2(255 char),
        nthChild number(10,0) not null,
        parentLastName varchar2(255 char) not null,
        parentFirstName varchar2(255 char) not null,
        primary key (nthChild, parentLastName, parentFirstName)
    )

    create table OrderLine (
        foo number(10,0) not null,
        bar varchar2(255 char) not null,
        primary key (foo, bar)
    )

    create table OrderTableFoobar (
        id number(10,0) not null,
        primary key (id)
    )

    create table Parent (
        firstName varchar2(255 char) not null,
        p_lname varchar2(255 char) not null,
        primary key (firstName, p_lname)
    )

    create table Presenter (
        name varchar2(255 char) not null,
        primary key (name)
    )

    create table Product (
        name varchar2(255 char) not null,
        primary key (name)
    )

    create table SomeEntity (
        id number(10,0) not null,
        version number(10,0) not null,
        prop varchar2(255 char),
        primary key (id, version)
    )

    create table TV_PROGRAM_EXT (
        TXT varchar2(255 char),
        CHANNEL_ID number(10,0) not null,
        PRESENTER_NAME varchar2(255 char) not null,
        primary key (CHANNEL_ID, PRESENTER_NAME)
    )

    create table TV_PROGRAM_IDCLASS (
        TXT varchar2(255 char),
        CHANNEL_ID number(10,0) not null,
        PRESENTER_NAME varchar2(255 char) not null,
        primary key (CHANNEL_ID, PRESENTER_NAME)
    )

    create table TvMagazin (
        time date,
        presenter_name varchar2(255 char) not null,
        chan_id number(10,0) not null,
        primary key (chan_id, presenter_name)
    )

    create table TvProgram (
        time date,
        channel_id number(10,0) not null,
        presenter_name varchar2(255 char) not null,
        primary key (channel_id, presenter_name)
    )

    create table TvProgramIdClass (
        time date,
        channel_id number(10,0) not null,
        presenter_name varchar2(255 char) not null,
        primary key (channel_id, presenter_name)
    )

    alter table A 
        add constraint FK4148D4294F 
        foreign key (bid) 
        references B

    alter table A 
        add constraint FK4148D42D11 
        foreign key (cid) 
        references C

    alter table Child 
        add constraint FK3E104FC98F66F56 
        foreign key (parentFirstName, parentLastName) 
        references Parent

    alter table LittleGenius 
        add constraint FK6B933A2D622F5CA2 
        foreign key (nthChild, parentLastName, parentFirstName) 
        references Child

    alter table OrderLine 
        add constraint FK60177442D0E4804 
        foreign key (foo) 
        references OrderTableFoobar

    alter table OrderLine 
        add constraint FK60177442324D40F2 
        foreign key (bar) 
        references Product

    alter table TV_PROGRAM_EXT 
        add constraint FKD459CB69BE07F92B 
        foreign key (CHANNEL_ID, PRESENTER_NAME) 
        references TvProgram

    alter table TV_PROGRAM_IDCLASS 
        add constraint FKE2EFEA8590D452C4 
        foreign key (CHANNEL_ID, PRESENTER_NAME) 
        references TvProgramIdClass

    alter table TvMagazin 
        add constraint FK1CDE65EF9CD4BA1B 
        foreign key (chan_id) 
        references Channel

    alter table TvMagazin 
        add constraint FK1CDE65EF9895585A 
        foreign key (presenter_name) 
        references Presenter

    alter table TvProgram 
        add constraint FKD906D1829895585A 
        foreign key (presenter_name) 
        references Presenter

    alter table TvProgram 
        add constraint FKD906D182FDB3A6CA 
        foreign key (channel_id) 
        references Channel

    alter table TvProgramIdClass 
        add constraint FK6E63153B9895585A 
        foreign key (presenter_name) 
        references Presenter

    alter table TvProgramIdClass 
        add constraint FK6E63153BFDB3A6CA 
        foreign key (channel_id) 
        references Channel

    create sequence hibernate_sequence
org.hibernate.dialect.Oracle10gDialect

    drop table A cascade constraints

    drop table B cascade constraints

    drop table C cascade constraints

    drop table Channel cascade constraints

    drop table Child cascade constraints

    drop table LittleGenius cascade constraints

    drop table OrderLine cascade constraints

    drop table OrderTableFoobar cascade constraints

    drop table Parent cascade constraints

    drop table Presenter cascade constraints

    drop table Product cascade constraints

    drop table SomeEntity cascade constraints

    drop table TV_PROGRAM_EXT cascade constraints

    drop table TV_PROGRAM_IDCLASS cascade constraints

    drop table TvMagazin cascade constraints

    drop table TvProgram cascade constraints

    drop table TvProgramIdClass cascade constraints

    drop sequence hibernate_sequence

    create table A (
        bid number(19,0) not null,
        cid number(19,0) not null,
        primary key (bid, cid)
    )

    create table B (
        id number(19,0) not null,
        primary key (id)
    )

    create table C (
        id number(19,0) not null,
        primary key (id)
    )

    create table Channel (
        id number(10,0) not null,
        primary key (id)
    )

    create table Child (
        nth number(10,0) not null,
        parentFirstName varchar2(255 char) not null,
        parentLastName varchar2(255 char) not null,
        primary key (nth, parentFirstName, parentLastName)
    )

    create table LittleGenius (
        particularSkill varchar2(255 char),
        nthChild number(10,0) not null,
        parentLastName varchar2(255 char) not null,
        parentFirstName varchar2(255 char) not null,
        primary key (nthChild, parentLastName, parentFirstName)
    )

    create table OrderLine (
        foo number(10,0) not null,
        bar varchar2(255 char) not null,
        primary key (foo, bar)
    )

    create table OrderTableFoobar (
        id number(10,0) not null,
        primary key (id)
    )

    create table Parent (
        firstName varchar2(255 char) not null,
        p_lname varchar2(255 char) not null,
        primary key (firstName, p_lname)
    )

    create table Presenter (
        name varchar2(255 char) not null,
        primary key (name)
    )

    create table Product (
        name varchar2(255 char) not null,
        primary key (name)
    )

    create table SomeEntity (
        id number(10,0) not null,
        version number(10,0) not null,
        prop varchar2(255 char),
        primary key (id, version)
    )

    create table TV_PROGRAM_EXT (
        TXT varchar2(255 char),
        CHANNEL_ID number(10,0) not null,
        PRESENTER_NAME varchar2(255 char) not null,
        primary key (CHANNEL_ID, PRESENTER_NAME)
    )

    create table TV_PROGRAM_IDCLASS (
        TXT varchar2(255 char),
        CHANNEL_ID number(10,0) not null,
        PRESENTER_NAME varchar2(255 char) not null,
        primary key (CHANNEL_ID, PRESENTER_NAME)
    )

    create table TvMagazin (
        time date,
        presenter_name varchar2(255 char) not null,
        chan_id number(10,0) not null,
        primary key (chan_id, presenter_name)
    )

    create table TvProgram (
        time date,
        channel_id number(10,0) not null,
        presenter_name varchar2(255 char) not null,
        primary key (channel_id, presenter_name)
    )

    create table TvProgramIdClass (
        time date,
        channel_id number(10,0) not null,
        presenter_name varchar2(255 char) not null,
        primary key (channel_id, presenter_name)
    )

    alter table A 
        add constraint FK4148D4294F 
        foreign key (bid) 
        references B

    alter table A 
        add constraint FK4148D42D11 
        foreign key (cid) 
        references C

    alter table Child 
        add constraint FK3E104FC98F66F56 
        foreign key (parentFirstName, parentLastName) 
        references Parent

    alter table LittleGenius 
        add constraint FK6B933A2D622F5CA2 
        foreign key (nthChild, parentLastName, parentFirstName) 
        references Child

    alter table OrderLine 
        add constraint FK60177442D0E4804 
        foreign key (foo) 
        references OrderTableFoobar

    alter table OrderLine 
        add constraint FK60177442324D40F2 
        foreign key (bar) 
        references Product

    alter table TV_PROGRAM_EXT 
        add constraint FKD459CB69BE07F92B 
        foreign key (CHANNEL_ID, PRESENTER_NAME) 
        references TvProgram

    alter table TV_PROGRAM_IDCLASS 
        add constraint FKE2EFEA8590D452C4 
        foreign key (CHANNEL_ID, PRESENTER_NAME) 
        references TvProgramIdClass

    alter table TvMagazin 
        add constraint FK1CDE65EF9CD4BA1B 
        foreign key (chan_id) 
        references Channel

    alter table TvMagazin 
        add constraint FK1CDE65EF9895585A 
        foreign key (presenter_name) 
        references Presenter

    alter table TvProgram 
        add constraint FKD906D1829895585A 
        foreign key (presenter_name) 
        references Presenter

    alter table TvProgram 
        add constraint FKD906D182FDB3A6CA 
        foreign key (channel_id) 
        references Channel

    alter table TvProgramIdClass 
        add constraint FK6E63153B9895585A 
        foreign key (presenter_name) 
        references Presenter

    alter table TvProgramIdClass 
        add constraint FK6E63153BFDB3A6CA 
        foreign key (channel_id) 
        references Channel

    create sequence hibernate_sequence
org.hibernate.dialect.Oracle10gDialect

    drop table A cascade constraints

    drop table B cascade constraints

    drop table C cascade constraints

    drop table Channel cascade constraints

    drop table Child cascade constraints

    drop table LittleGenius cascade constraints

    drop table OrderLine cascade constraints

    drop table OrderTableFoobar cascade constraints

    drop table Parent cascade constraints

    drop table Presenter cascade constraints

    drop table Product cascade constraints

    drop table SomeEntity cascade constraints

    drop table TV_PROGRAM_EXT cascade constraints

    drop table TV_PROGRAM_IDCLASS cascade constraints

    drop table TvMagazin cascade constraints

    drop table TvProgram cascade constraints

    drop table TvProgramIdClass cascade constraints

    drop sequence hibernate_sequence

    create table A (
        bid number(19,0) not null,
        cid number(19,0) not null,
        primary key (bid, cid)
    )

    create table B (
        id number(19,0) not null,
        primary key (id)
    )

    create table C (
        id number(19,0) not null,
        primary key (id)
    )

    create table Channel (
        id number(10,0) not null,
        primary key (id)
    )

    create table Child (
        nth number(10,0) not null,
        parentFirstName varchar2(255 char) not null,
        parentLastName varchar2(255 char) not null,
        primary key (nth, parentFirstName, parentLastName)
    )

    create table LittleGenius (
        particularSkill varchar2(255 char),
        nthChild number(10,0) not null,
        parentLastName varchar2(255 char) not null,
        parentFirstName varchar2(255 char) not null,
        primary key (nthChild, parentLastName, parentFirstName)
    )

    create table OrderLine (
        foo number(10,0) not null,
        bar varchar2(255 char) not null,
        primary key (foo, bar)
    )

    create table OrderTableFoobar (
        id number(10,0) not null,
        primary key (id)
    )

    create table Parent (
        firstName varchar2(255 char) not null,
        p_lname varchar2(255 char) not null,
        primary key (firstName, p_lname)
    )

    create table Presenter (
        name varchar2(255 char) not null,
        primary key (name)
    )

    create table Product (
        name varchar2(255 char) not null,
        primary key (name)
    )

    create table SomeEntity (
        id number(10,0) not null,
        version number(10,0) not null,
        prop varchar2(255 char),
        primary key (id, version)
    )

    create table TV_PROGRAM_EXT (
        TXT varchar2(255 char),
        CHANNEL_ID number(10,0) not null,
        PRESENTER_NAME varchar2(255 char) not null,
        primary key (CHANNEL_ID, PRESENTER_NAME)
    )

    create table TV_PROGRAM_IDCLASS (
        TXT varchar2(255 char),
        CHANNEL_ID number(10,0) not null,
        PRESENTER_NAME varchar2(255 char) not null,
        primary key (CHANNEL_ID, PRESENTER_NAME)
    )

    create table TvMagazin (
        time date,
        presenter_name varchar2(255 char) not null,
        chan_id number(10,0) not null,
        primary key (chan_id, presenter_name)
    )

    create table TvProgram (
        time date,
        channel_id number(10,0) not null,
        presenter_name varchar2(255 char) not null,
        primary key (channel_id, presenter_name)
    )

    create table TvProgramIdClass (
        time date,
        channel_id number(10,0) not null,
        presenter_name varchar2(255 char) not null,
        primary key (channel_id, presenter_name)
    )

    alter table A 
        add constraint FK4148D4294F 
        foreign key (bid) 
        references B

    alter table A 
        add constraint FK4148D42D11 
        foreign key (cid) 
        references C

    alter table Child 
        add constraint FK3E104FC98F66F56 
        foreign key (parentFirstName, parentLastName) 
        references Parent

    alter table LittleGenius 
        add constraint FK6B933A2D622F5CA2 
        foreign key (nthChild, parentLastName, parentFirstName) 
        references Child

    alter table OrderLine 
        add constraint FK60177442D0E4804 
        foreign key (foo) 
        references OrderTableFoobar

    alter table OrderLine 
        add constraint FK60177442324D40F2 
        foreign key (bar) 
        references Product

    alter table TV_PROGRAM_EXT 
        add constraint FKD459CB69BE07F92B 
        foreign key (CHANNEL_ID, PRESENTER_NAME) 
        references TvProgram

    alter table TV_PROGRAM_IDCLASS 
        add constraint FKE2EFEA8590D452C4 
        foreign key (CHANNEL_ID, PRESENTER_NAME) 
        references TvProgramIdClass

    alter table TvMagazin 
        add constraint FK1CDE65EF9CD4BA1B 
        foreign key (chan_id) 
        references Channel

    alter table TvMagazin 
        add constraint FK1CDE65EF9895585A 
        foreign key (presenter_name) 
        references Presenter

    alter table TvProgram 
        add constraint FKD906D1829895585A 
        foreign key (presenter_name) 
        references Presenter

    alter table TvProgram 
        add constraint FKD906D182FDB3A6CA 
        foreign key (channel_id) 
        references Channel

    alter table TvProgramIdClass 
        add constraint FK6E63153B9895585A 
        foreign key (presenter_name) 
        references Presenter

    alter table TvProgramIdClass 
        add constraint FK6E63153BFDB3A6CA 
        foreign key (channel_id) 
        references Channel

    create sequence hibernate_sequence
]]></system-out>
  <system-err><![CDATA[]]></system-err>
</testsuite>
